{"meta": {"format": 3, "version": "7.14.0", "timestamp": "2026-09-10T17:33:03.661618", "branch_coverage": true, "show_contexts": false}, "files": {"cli/agent_capabilities.py": {"executed_lines": [], "summary": {"covered_lines": 0, "num_statements": 122, "percent_covered": 0.0, "percent_covered_display": "0", "missing_lines": 122, "excluded_lines": 0, "percent_statements_covered": 0.0, "percent_statements_covered_display": "0", "num_branches": 60, "num_partial_branches": 0, "covered_branches": 0, "missing_branches": 60, "percent_branches_covered": 0.0, "percent_branches_covered_display": "0"}, "missing_lines": [7, 8, 11, 12, 14, 15, 17, 31, 40, 43, 53, 54, 55, 56, 57, 58, 59, 60, 61, 62, 63, 69, 70, 73, 76, 85, 95, 96, 97, 98, 99, 100, 101, 102, 103, 104, 105, 106, 114, 120, 121, 127, 128, 129, 135, 138, 139, 140, 141, 142, 143, 149, 150, 151, 157, 158, 159, 166, 167, 168, 175, 176, 177, 184, 185, 186, 193, 201, 202, 203, 204, 205, 206, 212, 215, 223, 224, 225, 226, 232, 233, 234, 240, 241, 242, 243, 249, 250, 258, 259, 267, 268, 269, 277, 278, 279, 280, 288, 289, 290, 298, 299, 300, 308, 315, 329, 330, 331, 338, 339, 340, 341, 342, 343, 349, 351, 362, 363, 370, 377, 380, 381], "excluded_lines": [], "executed_branches": [], "missing_branches": [[59, 60], [59, 61], [61, 62], [61, 63], [98, 99], [98, 128], [99, 100], [99, 101], [101, 102], [101, 114], [105, 106], [105, 120], [120, 121], [120, 127], [128, 129], [128, 135], [140, 141], [140, 142], [142, 143], [142, 149], [150, 151], [150, 157], [158, 159], [158, 166], [167, 168], [167, 175], [176, 177], [176, 184], [185, 186], [185, 193], [202, 203], [202, 204], [205, 206], [205, 212], [224, -215], [224, 225], [225, 226], [225, 232], [233, 234], [233, 240], [242, 243], [242, 249], [249, 250], [249, 258], [258, 259], [258, 267], [268, 269], [268, 277], [279, 280], [279, 288], [289, 290], [289, 298], [299, 300], [299, 308], [330, 331], [330, 338], [341, 342], [341, 351], [342, 343], [342, 349]], "functions": {"CapabilityPolicyError.__init__": {"executed_lines": [], "summary": {"covered_lines": 0, "num_statements": 11, "percent_covered": 0.0, "percent_covered_display": "0", "missing_lines": 11, "excluded_lines": 0, "percent_statements_covered": 0.0, "percent_statements_covered_display": "0", "num_branches": 4, "num_partial_branches": 0, "covered_branches": 0, "missing_branches": 4, "percent_branches_covered": 0.0, "percent_branches_covered_display": "0"}, "missing_lines": [53, 54, 55, 56, 57, 58, 59, 60, 61, 62, 63], "excluded_lines": [], "start_line": 43, "executed_branches": [], "missing_branches": [[59, 60], [59, 61], [61, 62], [61, 63]]}, "_fail": {"executed_lines": [], "summary": {"covered_lines": 0, "num_statements": 1, "percent_covered": 0.0, "percent_covered_display": "0", "missing_lines": 1, "excluded_lines": 0, "percent_statements_covered": 0.0, "percent_statements_covered_display": "0", "num_branches": 0, "num_partial_branches": 0, "covered_branches": 0, "missing_branches": 0, "percent_branches_covered": 100.0, "percent_branches_covered_display": "100"}, "missing_lines": [85], "excluded_lines": [], "start_line": 76, "executed_branches": [], "missing_branches": []}, "_agent_inventory": {"executed_lines": [], "summary": {"covered_lines": 0, "num_statements": 18, "percent_covered": 0.0, "percent_covered_display": "0", "missing_lines": 18, "excluded_lines": 0, "percent_statements_covered": 0.0, "percent_statements_covered_display": "0", "num_branches": 12, "num_partial_branches": 0, "covered_branches": 0, "missing_branches": 12, "percent_branches_covered": 0.0, "percent_branches_covered_display": "0"}, "missing_lines": [96, 97, 98, 99, 100, 101, 102, 103, 104, 105, 106, 114, 120, 121, 127, 128, 129, 135], "excluded_lines": [], "start_line": 95, "executed_branches": [], "missing_branches": [[98, 99], [98, 128], [99, 100], [99, 101], [101, 102], [101, 114], [105, 106], [105, 120], [120, 121], [120, 127], [128, 129], [128, 135]]}, "_catalog": {"executed_lines": [], "summary": {"covered_lines": 0, "num_statements": 21, "percent_covered": 0.0, "percent_covered_display": "0", "missing_lines": 21, "excluded_lines": 0, "percent_statements_covered": 0.0, "percent_statements_covered_display": "0", "num_branches": 14, "num_partial_branches": 0, "covered_branches": 0, "missing_branches": 14, "percent_branches_covered": 0.0, "percent_branches_covered_display": "0"}, "missing_lines": [139, 140, 141, 142, 143, 149, 150, 151, 157, 158, 159, 166, 167, 168, 175, 176, 177, 184, 185, 186, 193], "excluded_lines": [], "start_line": 138, "executed_branches": [], "missing_branches": [[140, 141], [140, 142], [142, 143], [142, 149], [150, 151], [150, 157], [158, 159], [158, 166], [167, 168], [167, 175], [176, 177], [176, 184], [185, 186], [185, 193]]}, "_overrides": {"executed_lines": [], "summary": {"covered_lines": 0, "num_statements": 6, "percent_covered": 0.0, "percent_covered_display": "0", "missing_lines": 6, "excluded_lines": 0, "percent_statements_covered": 0.0, "percent_statements_covered_display": "0", "num_branches": 4, "num_partial_branches": 0, "covered_branches": 0, "missing_branches": 4, "percent_branches_covered": 0.0, "percent_branches_covered_display": "0"}, "missing_lines": [202, 203, 204, 205, 206, 212], "excluded_lines": [], "start_line": 201, "executed_branches": [], "missing_branches": [[202, 203], [202, 204], [205, 206], [205, 212]]}, "_apply_overrides": {"executed_lines": [], "summary": {"covered_lines": 0, "num_statements": 29, "percent_covered": 0.0, "percent_covered_display": "0", "missing_lines": 29, "excluded_lines": 0, "percent_statements_covered": 0.0, "percent_statements_covered_display": "0", "num_branches": 20, "num_partial_branches": 0, "covered_branches": 0, "missing_branches": 20, "percent_branches_covered": 0.0, "percent_branches_covered_display": "0"}, "missing_lines": [223, 224, 225, 226, 232, 233, 234, 240, 241, 242, 243, 249, 250, 258, 259, 267, 268, 269, 277, 278, 279, 280, 288, 289, 290, 298, 299, 300, 308], "excluded_lines": [], "start_line": 215, "executed_branches": [], "missing_branches": [[224, -215], [224, 225], [225, 226], [225, 232], [233, 234], [233, 240], [242, 243], [242, 249], [249, 250], [249, 258], [258, 259], [258, 267], [268, 269], [268, 277], [279, 280], [279, 288], [289, 290], [289, 298], [299, 300], [299, 308]]}, "resolve_agent_capabilities": {"executed_lines": [], "summary": {"covered_lines": 0, "num_statements": 15, "percent_covered": 0.0, "percent_covered_display": "0", "missing_lines": 15, "excluded_lines": 0, "percent_statements_covered": 0.0, "percent_statements_covered_display": "0", "num_branches": 6, "num_partial_branches": 0, "covered_branches": 0, "missing_branches": 6, "percent_branches_covered": 0.0, "percent_branches_covered_display": "0"}, "missing_lines": [329, 330, 331, 338, 339, 340, 341, 342, 343, 349, 351, 362, 363, 370, 377], "excluded_lines": [], "start_line": 315, "executed_branches": [], "missing_branches": [[330, 331], [330, 338], [341, 342], [341, 351], [342, 343], [342, 349]]}, "guidance_for": {"executed_lines": [], "summary": {"covered_lines": 0, "num_statements": 1, "percent_covered": 0.0, "percent_covered_display": "0", "missing_lines": 1, "excluded_lines": 0, "percent_statements_covered": 0.0, "percent_statements_covered_display": "0", "num_branches": 0, "num_partial_branches": 0, "covered_branches": 0, "missing_branches": 0, "percent_branches_covered": 100.0, "percent_branches_covered_display": "100"}, "missing_lines": [381], "excluded_lines": [], "start_line": 380, "executed_branches": [], "missing_branches": []}, "": {"executed_lines": [], "summary": {"covered_lines": 0, "num_statements": 20, "percent_covered": 0.0, "percent_covered_display": "0", "missing_lines": 20, "excluded_lines": 0, "percent_statements_covered": 0.0, "percent_statements_covered_display": "0", "num_branches": 0, "num_partial_branches": 0, "covered_branches": 0, "missing_branches": 0, "percent_branches_covered": 100.0, "percent_branches_covered_display": "100"}, "missing_lines": [7, 8, 11, 12, 14, 15, 17, 31, 40, 43, 69, 70, 73, 76, 95, 138, 201, 215, 315, 380], "excluded_lines": [], "start_line": 1, "executed_branches": [], "missing_branches": []}}, "classes": {"CapabilityPolicyError": {"executed_lines": [], "summary": {"covered_lines": 0, "num_statements": 11, "percent_covered": 0.0, "percent_covered_display": "0", "missing_lines": 11, "excluded_lines": 0, "percent_statements_covered": 0.0, "percent_statements_covered_display": "0", "num_branches": 4, "num_partial_branches": 0, "covered_branches": 0, "missing_branches": 4, "percent_branches_covered": 0.0, "percent_branches_covered_display": "0"}, "missing_lines": [53, 54, 55, 56, 57, 58, 59, 60, 61, 62, 63], "excluded_lines": [], "start_line": 40, "executed_branches": [], "missing_branches": [[59, 60], [59, 61], [61, 62], [61, 63]]}, "CapabilityDecision": {"executed_lines": [], "summary": {"covered_lines": 0, "num_statements": 0, "percent_covered": 100.0, "percent_covered_display": "100", "missing_lines": 0, "excluded_lines": 0, "percent_statements_covered": 100.0, "percent_statements_covered_display": "100", "num_branches": 0, "num_partial_branches": 0, "covered_branches": 0, "missing_branches": 0, "percent_branches_covered": 100.0, "percent_branches_covered_display": "100"}, "missing_lines": [], "excluded_lines": [], "start_line": 70, "executed_branches": [], "missing_branches": []}, "": {"executed_lines": [], "summary": {"covered_lines": 0, "num_statements": 111, "percent_covered": 0.0, "percent_covered_display": "0", "missing_lines": 111, "excluded_lines": 0, "percent_statements_covered": 0.0, "percent_statements_covered_display": "0", "num_branches": 56, "num_partial_branches": 0, "covered_branches": 0, "missing_branches": 56, "percent_branches_covered": 0.0, "percent_branches_covered_display": "0"}, "missing_lines": [7, 8, 11, 12, 14, 15, 17, 31, 40, 43, 69, 70, 73, 76, 85, 95, 96, 97, 98, 99, 100, 101, 102, 103, 104, 105, 106, 114, 120, 121, 127, 128, 129, 135, 138, 139, 140, 141, 142, 143, 149, 150, 151, 157, 158, 159, 166, 167, 168, 175, 176, 177, 184, 185, 186, 193, 201, 202, 203, 204, 205, 206, 212, 215, 223, 224, 225, 226, 232, 233, 234, 240, 241, 242, 243, 249, 250, 258, 259, 267, 268, 269, 277, 278, 279, 280, 288, 289, 290, 298, 299, 300, 308, 315, 329, 330, 331, 338, 339, 340, 341, 342, 343, 349, 351, 362, 363, 370, 377, 380, 381], "excluded_lines": [], "start_line": 1, "executed_branches": [], "missing_branches": [[98, 99], [98, 128], [99, 100], [99, 101], [101, 102], [101, 114], [105, 106], [105, 120], [120, 121], [120, 127], [128, 129], [128, 135], [140, 141], [140, 142], [142, 143], [142, 149], [150, 151], [150, 157], [158, 159], [158, 166], [167, 168], [167, 175], [176, 177], [176, 184], [185, 186], [185, 193], [202, 203], [202, 204], [205, 206], [205, 212], [224, -215], [224, 225], [225, 226], [225, 232], [233, 234], [233, 240], [242, 243], [242, 249], [249, 250], [249, 258], [258, 259], [258, 267], [268, 269], [268, 277], [279, 280], [279, 288], [289, 290], [289, 298], [299, 300], [299, 308], [330, 331], [330, 338], [341, 342], [341, 351], [342, 343], [342, 349]]}}}, "cli/archive_commands.py": {"executed_lines": [], "summary": {"covered_lines": 0, "num_statements": 102, "percent_covered": 0.0, "percent_covered_display": "0", "missing_lines": 102, "excluded_lines": 0, "percent_statements_covered": 0.0, "percent_statements_covered_display": "0", "num_branches": 26, "num_partial_branches": 0, "covered_branches": 0, "missing_branches": 26, "percent_branches_covered": 0.0, "percent_branches_covered_display": "0"}, "missing_lines": [2, 3, 4, 5, 6, 7, 10, 11, 12, 13, 14, 15, 16, 17, 18, 19, 20, 21, 22, 23, 24, 25, 26, 27, 28, 29, 30, 31, 32, 33, 34, 35, 36, 37, 38, 39, 40, 41, 42, 43, 44, 45, 46, 47, 48, 49, 50, 51, 52, 53, 54, 55, 56, 57, 58, 59, 60, 61, 62, 63, 66, 67, 68, 69, 70, 71, 72, 73, 74, 75, 76, 77, 78, 79, 81, 82, 83, 84, 85, 87, 88, 89, 90, 91, 92, 93, 94, 95, 96, 97, 98, 99, 100, 101, 102, 103, 104, 105, 106, 107, 108, 109], "excluded_lines": [], "executed_branches": [], "missing_branches": [[49, 50], [49, 57], [71, 72], [71, 73], [73, 74], [73, 75], [75, 76], [75, 82], [76, 77], [76, 78], [78, 79], [78, 81], [82, 83], [82, 84], [84, 85], [84, 87], [89, 90], [89, 91], [95, 96], [95, 98], [96, 95], [96, 97], [100, 101], [100, 105], [102, 100], [102, 103]], "functions": {"register": {"executed_lines": [], "summary": {"covered_lines": 0, "num_statements": 53, "percent_covered": 0.0, "percent_covered_display": "0", "missing_lines": 53, "excluded_lines": 0, "percent_statements_covered": 0.0, "percent_statements_covered_display": "0", "num_branches": 2, "num_partial_branches": 0, "covered_branches": 0, "missing_branches": 2, "percent_branches_covered": 0.0, "percent_branches_covered_display": "0"}, "missing_lines": [11, 12, 13, 14, 15, 16, 17, 18, 19, 20, 21, 22, 23, 24, 25, 26, 27, 28, 29, 30, 31, 32, 33, 34, 35, 36, 37, 38, 39, 40, 41, 42, 43, 44, 45, 46, 47, 48, 49, 50, 51, 52, 53, 54, 55, 56, 57, 58, 59, 60, 61, 62, 63], "excluded_lines": [], "start_line": 10, "executed_branches": [], "missing_branches": [[49, 50], [49, 57]]}, "dispatch": {"executed_lines": [], "summary": {"covered_lines": 0, "num_statements": 41, "percent_covered": 0.0, "percent_covered_display": "0", "missing_lines": 41, "excluded_lines": 0, "percent_statements_covered": 0.0, "percent_statements_covered_display": "0", "num_branches": 24, "num_partial_branches": 0, "covered_branches": 0, "missing_branches": 24, "percent_branches_covered": 0.0, "percent_branches_covered_display": "0"}, "missing_lines": [67, 68, 69, 70, 71, 72, 73, 74, 75, 76, 77, 78, 79, 81, 82, 83, 84, 85, 87, 88, 89, 90, 91, 92, 93, 94, 95, 96, 97, 98, 99, 100, 101, 102, 103, 104, 105, 106, 107, 108, 109], "excluded_lines": [], "start_line": 66, "executed_branches": [], "missing_branches": [[71, 72], [71, 73], [73, 74], [73, 75], [75, 76], [75, 82], [76, 77], [76, 78], [78, 79], [78, 81], [82, 83], [82, 84], [84, 85], [84, 87], [89, 90], [89, 91], [95, 96], [95, 98], [96, 95], [96, 97], [100, 101], [100, 105], [102, 100], [102, 103]]}, "": {"executed_lines": [], "summary": {"covered_lines": 0, "num_statements": 8, "percent_covered": 0.0, "percent_covered_display": "0", "missing_lines": 8, "excluded_lines": 0, "percent_statements_covered": 0.0, "percent_statements_covered_display": "0", "num_branches": 0, "num_partial_branches": 0, "covered_branches": 0, "missing_branches": 0, "percent_branches_covered": 100.0, "percent_branches_covered_display": "100"}, "missing_lines": [2, 3, 4, 5, 6, 7, 10, 66], "excluded_lines": [], "start_line": 1, "executed_branches": [], "missing_branches": []}}, "classes": {"": {"executed_lines": [], "summary": {"covered_lines": 0, "num_statements": 102, "percent_covered": 0.0, "percent_covered_display": "0", "missing_lines": 102, "excluded_lines": 0, "percent_statements_covered": 0.0, "percent_statements_covered_display": "0", "num_branches": 26, "num_partial_branches": 0, "covered_branches": 0, "missing_branches": 26, "percent_branches_covered": 0.0, "percent_branches_covered_display": "0"}, "missing_lines": [2, 3, 4, 5, 6, 7, 10, 11, 12, 13, 14, 15, 16, 17, 18, 19, 20, 21, 22, 23, 24, 25, 26, 27, 28, 29, 30, 31, 32, 33, 34, 35, 36, 37, 38, 39, 40, 41, 42, 43, 44, 45, 46, 47, 48, 49, 50, 51, 52, 53, 54, 55, 56, 57, 58, 59, 60, 61, 62, 63, 66, 67, 68, 69, 70, 71, 72, 73, 74, 75, 76, 77, 78, 79, 81, 82, 83, 84, 85, 87, 88, 89, 90, 91, 92, 93, 94, 95, 96, 97, 98, 99, 100, 101, 102, 103, 104, 105, 106, 107, 108, 109], "excluded_lines": [], "start_line": 1, "executed_branches": [], "missing_branches": [[49, 50], [49, 57], [71, 72], [71, 73], [73, 74], [73, 75], [75, 76], [75, 82], [76, 77], [76, 78], [78, 79], [78, 81], [82, 83], [82, 84], [84, 85], [84, 87], [89, 90], [89, 91], [95, 96], [95, 98], [96, 95], [96, 97], [100, 101], [100, 105], [102, 100], [102, 103]]}}}, "cli/archive_extract.py": {"executed_lines": [], "summary": {"covered_lines": 0, "num_statements": 227, "percent_covered": 0.0, "percent_covered_display": "0", "missing_lines": 227, "excluded_lines": 0, "percent_statements_covered": 0.0, "percent_statements_covered_display": "0", "num_branches": 138, "num_partial_branches": 0, "covered_branches": 0, "missing_branches": 138, "percent_branches_covered": 0.0, "percent_branches_covered_display": "0"}, "missing_lines": [2, 3, 4, 5, 6, 7, 8, 10, 17, 26, 29, 30, 33, 34, 37, 38, 39, 40, 41, 42, 43, 44, 45, 46, 47, 48, 49, 51, 52, 55, 57, 58, 59, 60, 61, 62, 63, 66, 67, 68, 69, 70, 71, 72, 73, 74, 75, 76, 77, 78, 79, 80, 81, 86, 87, 88, 89, 90, 91, 92, 93, 94, 95, 96, 97, 98, 99, 100, 101, 102, 103, 104, 105, 106, 107, 108, 109, 110, 111, 112, 113, 114, 115, 116, 117, 118, 119, 120, 121, 122, 123, 124, 125, 127, 128, 129, 130, 131, 132, 133, 134, 135, 136, 137, 138, 139, 140, 141, 142, 143, 144, 145, 146, 147, 152, 153, 154, 155, 156, 157, 158, 159, 160, 161, 163, 164, 165, 166, 167, 168, 169, 170, 171, 172, 173, 174, 175, 176, 177, 178, 179, 180, 181, 182, 183, 184, 185, 186, 187, 189, 190, 193, 195, 198, 200, 201, 202, 203, 204, 205, 206, 207, 208, 209, 210, 211, 212, 213, 214, 215, 216, 217, 218, 219, 222, 224, 225, 226, 227, 228, 229, 233, 240, 241, 242, 243, 244, 245, 246, 247, 248, 249, 250, 251, 252, 253, 254, 255, 256, 258, 259, 260, 261, 262, 263, 264, 265, 266, 267, 268, 269, 270, 271, 272, 273, 274, 275, 276, 278, 279, 280, 281, 282, 284, 285, 286, 287], "excluded_lines": [], "executed_branches": [], "missing_branches": [[40, 41], [40, 52], [42, 43], [42, 51], [43, 44], [43, 47], [45, 46], [45, 47], [59, 60], [59, 61], [61, 62], [61, 63], [68, 69], [68, 70], [74, 75], [74, 76], [76, 77], [76, 79], [77, 76], [77, 78], [79, 80], [79, 86], [88, 89], [88, 96], [90, 91], [90, 92], [94, 88], [94, 95], [96, 97], [96, 98], [99, 100], [99, 105], [102, 103], [102, 104], [111, 112], [111, 127], [112, 113], [112, 124], [114, 115], [114, 120], [115, 116], [115, 117], [117, 114], [117, 118], [118, 117], [118, 119], [120, 112], [120, 121], [124, 111], [124, 125], [127, 128], [127, 152], [130, 131], [130, 143], [131, 130], [131, 132], [134, 135], [134, 137], [135, 136], [135, 142], [137, 138], [137, 140], [138, 139], [138, 142], [140, 141], [140, 142], [144, 145], [144, 146], [146, 127], [146, 147], [152, 153], [152, 164], [153, 154], [153, 155], [156, 157], [156, 158], [160, 161], [160, 163], [164, 165], [164, 166], [168, 169], [168, 172], [169, 168], [169, 170], [172, 173], [172, 186], [173, 172], [173, 174], [176, 177], [176, 178], [180, 181], [180, 182], [183, 184], [183, 185], [186, 187], [186, 189], [204, 205], [204, 206], [207, 208], [207, 213], [210, 211], [210, 212], [213, 214], [213, 219], [215, 216], [215, 218], [225, 226], [225, 227], [227, 228], [227, 229], [241, 242], [241, 243], [247, 248], [247, 251], [251, 252], [251, 259], [253, 254], [253, 258], [254, 253], [254, 255], [255, 254], [255, 256], [260, 261], [260, 279], [262, 263], [262, 264], [264, 265], [264, 278], [265, 266], [265, 267], [271, 272], [271, 273], [274, 275], [274, 276], [280, 281], [280, 284], [285, 286], [285, 287]], "functions": {"unknown": {"executed_lines": [], "summary": {"covered_lines": 0, "num_statements": 1, "percent_covered": 0.0, "percent_covered_display": "0", "missing_lines": 1, "excluded_lines": 0, "percent_statements_covered": 0.0, "percent_statements_covered_display": "0", "num_branches": 0, "num_partial_branches": 0, "covered_branches": 0, "missing_branches": 0, "percent_branches_covered": 100.0, "percent_branches_covered_display": "100"}, "missing_lines": [30], "excluded_lines": [], "start_line": 29, "executed_branches": [], "missing_branches": []}, "known": {"executed_lines": [], "summary": {"covered_lines": 0, "num_statements": 1, "percent_covered": 0.0, "percent_covered_display": "0", "missing_lines": 1, "excluded_lines": 0, "percent_statements_covered": 0.0, "percent_statements_covered_display": "0", "num_branches": 0, "num_partial_branches": 0, "covered_branches": 0, "missing_branches": 0, "percent_branches_covered": 100.0, "percent_branches_covered_display": "100"}, "missing_lines": [34], "excluded_lines": [], "start_line": 33, "executed_branches": [], "missing_branches": []}, "sections": {"executed_lines": [], "summary": {"covered_lines": 0, "num_statements": 14, "percent_covered": 0.0, "percent_covered_display": "0", "missing_lines": 14, "excluded_lines": 0, "percent_statements_covered": 0.0, "percent_statements_covered_display": "0", "num_branches": 8, "num_partial_branches": 0, "covered_branches": 0, "missing_branches": 8, "percent_branches_covered": 0.0, "percent_branches_covered_display": "0"}, "missing_lines": [38, 39, 40, 41, 42, 43, 44, 45, 46, 47, 48, 49, 51, 52], "excluded_lines": [], "start_line": 37, "executed_branches": [], "missing_branches": [[40, 41], [40, 52], [42, 43], [42, 51], [43, 44], [43, 47], [45, 46], [45, 47]]}, "_selected_path": {"executed_lines": [], "summary": {"covered_lines": 0, "num_statements": 7, "percent_covered": 0.0, "percent_covered_display": "0", "missing_lines": 7, "excluded_lines": 0, "percent_statements_covered": 0.0, "percent_statements_covered_display": "0", "num_branches": 4, "num_partial_branches": 0, "covered_branches": 0, "missing_branches": 4, "percent_branches_covered": 0.0, "percent_branches_covered_display": "0"}, "missing_lines": [57, 58, 59, 60, 61, 62, 63], "excluded_lines": [], "start_line": 55, "executed_branches": [], "missing_branches": [[59, 60], [59, 61], [61, 62], [61, 63]]}, "extract": {"executed_lines": [], "summary": {"covered_lines": 0, "num_statements": 112, "percent_covered": 0.0, "percent_covered_display": "0", "missing_lines": 112, "excluded_lines": 0, "percent_statements_covered": 0.0, "percent_statements_covered_display": "0", "num_branches": 84, "num_partial_branches": 0, "covered_branches": 0, "missing_branches": 84, "percent_branches_covered": 0.0, "percent_branches_covered_display": "0"}, "missing_lines": [67, 68, 69, 70, 71, 72, 73, 74, 75, 76, 77, 78, 79, 80, 81, 86, 87, 88, 89, 90, 91, 92, 93, 94, 95, 96, 97, 98, 99, 100, 101, 102, 103, 104, 105, 106, 108, 109, 110, 111, 112, 113, 114, 115, 116, 117, 118, 119, 120, 121, 122, 123, 124, 125, 127, 128, 129, 130, 131, 132, 133, 134, 135, 136, 137, 138, 139, 140, 141, 142, 143, 144, 145, 146, 147, 152, 153, 154, 155, 156, 157, 158, 159, 160, 161, 163, 164, 165, 166, 167, 168, 169, 170, 171, 172, 173, 174, 175, 176, 177, 178, 179, 180, 181, 182, 183, 184, 185, 186, 187, 189, 190], "excluded_lines": [], "start_line": 66, "executed_branches": [], "missing_branches": [[68, 69], [68, 70], [74, 75], [74, 76], [76, 77], [76, 79], [77, 76], [77, 78], [79, 80], [79, 86], [88, 89], [88, 96], [90, 91], [90, 92], [94, 88], [94, 95], [96, 97], [96, 98], [99, 100], [99, 105], [102, 103], [102, 104], [111, 112], [111, 127], [112, 113], [112, 124], [114, 115], [114, 120], [115, 116], [115, 117], [117, 114], [117, 118], [118, 117], [118, 119], [120, 112], [120, 121], [124, 111], [124, 125], [127, 128], [127, 152], [130, 131], [130, 143], [131, 130], [131, 132], [134, 135], [134, 137], [135, 136], [135, 142], [137, 138], [137, 140], [138, 139], [138, 142], [140, 141], [140, 142], [144, 145], [144, 146], [146, 127], [146, 147], [152, 153], [152, 164], [153, 154], [153, 155], [156, 157], [156, 158], [160, 161], [160, 163], [164, 165], [164, 166], [168, 169], [168, 172], [169, 168], [169, 170], [172, 173], [172, 186], [173, 172], [173, 174], [176, 177], [176, 178], [180, 181], [180, 182], [183, 184], [183, 185], [186, 187], [186, 189]]}, "extract.source_for": {"executed_lines": [], "summary": {"covered_lines": 0, "num_statements": 1, "percent_covered": 0.0, "percent_covered_display": "0", "missing_lines": 1, "excluded_lines": 0, "percent_statements_covered": 0.0, "percent_statements_covered_display": "0", "num_branches": 0, "num_partial_branches": 0, "covered_branches": 0, "missing_branches": 0, "percent_branches_covered": 100.0, "percent_branches_covered_display": "100"}, "missing_lines": [107], "excluded_lines": [], "start_line": 106, "executed_branches": [], "missing_branches": []}, "canonical_value": {"executed_lines": [], "summary": {"covered_lines": 0, "num_statements": 1, "percent_covered": 0.0, "percent_covered_display": "0", "missing_lines": 1, "excluded_lines": 0, "percent_statements_covered": 0.0, "percent_statements_covered_display": "0", "num_branches": 0, "num_partial_branches": 0, "covered_branches": 0, "missing_branches": 0, "percent_branches_covered": 100.0, "percent_branches_covered_display": "100"}, "missing_lines": [195], "excluded_lines": [], "start_line": 193, "executed_branches": [], "missing_branches": []}, "verify_pointer": {"executed_lines": [], "summary": {"covered_lines": 0, "num_statements": 20, "percent_covered": 0.0, "percent_covered_display": "0", "missing_lines": 20, "excluded_lines": 0, "percent_statements_covered": 0.0, "percent_statements_covered_display": "0", "num_branches": 10, "num_partial_branches": 0, "covered_branches": 0, "missing_branches": 10, "percent_branches_covered": 0.0, "percent_branches_covered_display": "0"}, "missing_lines": [200, 201, 202, 203, 204, 205, 206, 207, 208, 209, 210, 211, 212, 213, 214, 215, 216, 217, 218, 219], "excluded_lines": [], "start_line": 198, "executed_branches": [], "missing_branches": [[204, 205], [204, 206], [207, 208], [207, 213], [210, 211], [210, 212], [213, 214], [213, 219], [215, 216], [215, 218]]}, "_selected_field": {"executed_lines": [], "summary": {"covered_lines": 0, "num_statements": 6, "percent_covered": 0.0, "percent_covered_display": "0", "missing_lines": 6, "excluded_lines": 0, "percent_statements_covered": 0.0, "percent_statements_covered_display": "0", "num_branches": 4, "num_partial_branches": 0, "covered_branches": 0, "missing_branches": 4, "percent_branches_covered": 0.0, "percent_branches_covered_display": "0"}, "missing_lines": [224, 225, 226, 227, 228, 229], "excluded_lines": [], "start_line": 222, "executed_branches": [], "missing_branches": [[225, 226], [225, 227], [227, 228], [227, 229]]}, "extract_legacy": {"executed_lines": [], "summary": {"covered_lines": 0, "num_statements": 45, "percent_covered": 0.0, "percent_covered_display": "0", "missing_lines": 45, "excluded_lines": 0, "percent_statements_covered": 0.0, "percent_statements_covered_display": "0", "num_branches": 28, "num_partial_branches": 0, "covered_branches": 0, "missing_branches": 28, "percent_branches_covered": 0.0, "percent_branches_covered_display": "0"}, "missing_lines": [240, 241, 242, 243, 244, 245, 246, 247, 248, 249, 250, 251, 252, 253, 254, 255, 256, 258, 259, 260, 261, 262, 263, 264, 265, 266, 267, 268, 269, 270, 271, 272, 273, 274, 275, 276, 278, 279, 280, 281, 282, 284, 285, 286, 287], "excluded_lines": [], "start_line": 233, "executed_branches": [], "missing_branches": [[241, 242], [241, 243], [247, 248], [247, 251], [251, 252], [251, 259], [253, 254], [253, 258], [254, 253], [254, 255], [255, 254], [255, 256], [260, 261], [260, 279], [262, 263], [262, 264], [264, 265], [264, 278], [265, 266], [265, 267], [271, 272], [271, 273], [274, 275], [274, 276], [280, 281], [280, 284], [285, 286], [285, 287]]}, "": {"executed_lines": [], "summary": {"covered_lines": 0, "num_statements": 19, "percent_covered": 0.0, "percent_covered_display": "0", "missing_lines": 19, "excluded_lines": 0, "percent_statements_covered": 0.0, "percent_statements_covered_display": "0", "num_branches": 0, "num_partial_branches": 0, "covered_branches": 0, "missing_branches": 0, "percent_branches_covered": 100.0, "percent_branches_covered_display": "100"}, "missing_lines": [2, 3, 4, 5, 6, 7, 8, 10, 17, 26, 29, 33, 37, 55, 66, 193, 198, 222, 233], "excluded_lines": [], "start_line": 1, "executed_branches": [], "missing_branches": []}}, "classes": {"": {"executed_lines": [], "summary": {"covered_lines": 0, "num_statements": 227, "percent_covered": 0.0, "percent_covered_display": "0", "missing_lines": 227, "excluded_lines": 0, "percent_statements_covered": 0.0, "percent_statements_covered_display": "0", "num_branches": 138, "num_partial_branches": 0, "covered_branches": 0, "missing_branches": 138, "percent_branches_covered": 0.0, "percent_branches_covered_display": "0"}, "missing_lines": [2, 3, 4, 5, 6, 7, 8, 10, 17, 26, 29, 30, 33, 34, 37, 38, 39, 40, 41, 42, 43, 44, 45, 46, 47, 48, 49, 51, 52, 55, 57, 58, 59, 60, 61, 62, 63, 66, 67, 68, 69, 70, 71, 72, 73, 74, 75, 76, 77, 78, 79, 80, 81, 86, 87, 88, 89, 90, 91, 92, 93, 94, 95, 96, 97, 98, 99, 100, 101, 102, 103, 104, 105, 106, 107, 108, 109, 110, 111, 112, 113, 114, 115, 116, 117, 118, 119, 120, 121, 122, 123, 124, 125, 127, 128, 129, 130, 131, 132, 133, 134, 135, 136, 137, 138, 139, 140, 141, 142, 143, 144, 145, 146, 147, 152, 153, 154, 155, 156, 157, 158, 159, 160, 161, 163, 164, 165, 166, 167, 168, 169, 170, 171, 172, 173, 174, 175, 176, 177, 178, 179, 180, 181, 182, 183, 184, 185, 186, 187, 189, 190, 193, 195, 198, 200, 201, 202, 203, 204, 205, 206, 207, 208, 209, 210, 211, 212, 213, 214, 215, 216, 217, 218, 219, 222, 224, 225, 226, 227, 228, 229, 233, 240, 241, 242, 243, 244, 245, 246, 247, 248, 249, 250, 251, 252, 253, 254, 255, 256, 258, 259, 260, 261, 262, 263, 264, 265, 266, 267, 268, 269, 270, 271, 272, 273, 274, 275, 276, 278, 279, 280, 281, 282, 284, 285, 286, 287], "excluded_lines": [], "start_line": 1, "executed_branches": [], "missing_branches": [[40, 41], [40, 52], [42, 43], [42, 51], [43, 44], [43, 47], [45, 46], [45, 47], [59, 60], [59, 61], [61, 62], [61, 63], [68, 69], [68, 70], [74, 75], [74, 76], [76, 77], [76, 79], [77, 76], [77, 78], [79, 80], [79, 86], [88, 89], [88, 96], [90, 91], [90, 92], [94, 88], [94, 95], [96, 97], [96, 98], [99, 100], [99, 105], [102, 103], [102, 104], [111, 112], [111, 127], [112, 113], [112, 124], [114, 115], [114, 120], [115, 116], [115, 117], [117, 114], [117, 118], [118, 117], [118, 119], [120, 112], [120, 121], [124, 111], [124, 125], [127, 128], [127, 152], [130, 131], [130, 143], [131, 130], [131, 132], [134, 135], [134, 137], [135, 136], [135, 142], [137, 138], [137, 140], [138, 139], [138, 142], [140, 141], [140, 142], [144, 145], [144, 146], [146, 127], [146, 147], [152, 153], [152, 164], [153, 154], [153, 155], [156, 157], [156, 158], [160, 161], [160, 163], [164, 165], [164, 166], [168, 169], [168, 172], [169, 168], [169, 170], [172, 173], [172, 186], [173, 172], [173, 174], [176, 177], [176, 178], [180, 181], [180, 182], [183, 184], [183, 185], [186, 187], [186, 189], [204, 205], [204, 206], [207, 208], [207, 213], [210, 211], [210, 212], [213, 214], [213, 219], [215, 216], [215, 218], [225, 226], [225, 227], [227, 228], [227, 229], [241, 242], [241, 243], [247, 248], [247, 251], [251, 252], [251, 259], [253, 254], [253, 258], [254, 253], [254, 255], [255, 254], [255, 256], [260, 261], [260, 279], [262, 263], [262, 264], [264, 265], [264, 278], [265, 266], [265, 267], [271, 272], [271, 273], [274, 275], [274, 276], [280, 281], [280, 284], [285, 286], [285, 287]]}}}, "cli/archive_graph.py": {"executed_lines": [], "summary": {"covered_lines": 0, "num_statements": 68, "percent_covered": 0.0, "percent_covered_display": "0", "missing_lines": 68, "excluded_lines": 0, "percent_statements_covered": 0.0, "percent_statements_covered_display": "0", "num_branches": 46, "num_partial_branches": 0, "covered_branches": 0, "missing_branches": 46, "percent_branches_covered": 0.0, "percent_branches_covered_display": "0"}, "missing_lines": [2, 5, 6, 7, 8, 9, 10, 11, 14, 17, 18, 19, 20, 21, 22, 25, 26, 27, 28, 29, 30, 31, 32, 33, 34, 35, 36, 37, 38, 42, 44, 45, 46, 47, 48, 49, 50, 51, 52, 53, 54, 56, 57, 58, 59, 60, 61, 62, 63, 64, 65, 66, 67, 68, 69, 70, 71, 72, 73, 74, 75, 76, 77, 78, 79, 80, 81, 82], "excluded_lines": [], "executed_branches": [], "missing_branches": [[7, 8], [7, 17], [8, 9], [8, 10], [10, 7], [10, 11], [17, 18], [17, 22], [18, 17], [18, 19], [19, 17], [19, 20], [20, 19], [20, 21], [26, 27], [26, 56], [28, 29], [28, 51], [32, 33], [32, 34], [34, 35], [34, 36], [36, 37], [36, 38], [38, 42], [38, 45], [48, 49], [48, 50], [51, 52], [51, 54], [57, 58], [57, 67], [59, 57], [59, 60], [61, 62], [61, 64], [64, 59], [64, 65], [70, 71], [70, 72], [74, 75], [74, 81], [75, 76], [75, 78], [78, 74], [78, 79]], "functions": {"resolve_graph": {"executed_lines": [], "summary": {"covered_lines": 0, "num_statements": 66, "percent_covered": 0.0, "percent_covered_display": "0", "missing_lines": 66, "excluded_lines": 0, "percent_statements_covered": 0.0, "percent_statements_covered_display": "0", "num_branches": 46, "num_partial_branches": 0, "covered_branches": 0, "missing_branches": 46, "percent_branches_covered": 0.0, "percent_branches_covered_display": "0"}, "missing_lines": [6, 7, 8, 9, 10, 11, 14, 17, 18, 19, 20, 21, 22, 25, 26, 27, 28, 29, 30, 31, 32, 33, 34, 35, 36, 37, 38, 42, 44, 45, 46, 47, 48, 49, 50, 51, 52, 53, 54, 56, 57, 58, 59, 60, 61, 62, 63, 64, 65, 66, 67, 68, 69, 70, 71, 72, 73, 74, 75, 76, 77, 78, 79, 80, 81, 82], "excluded_lines": [], "start_line": 5, "executed_branches": [], "missing_branches": [[7, 8], [7, 17], [8, 9], [8, 10], [10, 7], [10, 11], [17, 18], [17, 22], [18, 17], [18, 19], [19, 17], [19, 20], [20, 19], [20, 21], [26, 27], [26, 56], [28, 29], [28, 51], [32, 33], [32, 34], [34, 35], [34, 36], [36, 37], [36, 38], [38, 42], [38, 45], [48, 49], [48, 50], [51, 52], [51, 54], [57, 58], [57, 67], [59, 57], [59, 60], [61, 62], [61, 64], [64, 59], [64, 65], [70, 71], [70, 72], [74, 75], [74, 81], [75, 76], [75, 78], [78, 74], [78, 79]]}, "": {"executed_lines": [], "summary": {"covered_lines": 0, "num_statements": 2, "percent_covered": 0.0, "percent_covered_display": "0", "missing_lines": 2, "excluded_lines": 0, "percent_statements_covered": 0.0, "percent_statements_covered_display": "0", "num_branches": 0, "num_partial_branches": 0, "covered_branches": 0, "missing_branches": 0, "percent_branches_covered": 100.0, "percent_branches_covered_display": "100"}, "missing_lines": [2, 5], "excluded_lines": [], "start_line": 1, "executed_branches": [], "missing_branches": []}}, "classes": {"": {"executed_lines": [], "summary": {"covered_lines": 0, "num_statements": 68, "percent_covered": 0.0, "percent_covered_display": "0", "missing_lines": 68, "excluded_lines": 0, "percent_statements_covered": 0.0, "percent_statements_covered_display": "0", "num_branches": 46, "num_partial_branches": 0, "covered_branches": 0, "missing_branches": 46, "percent_branches_covered": 0.0, "percent_branches_covered_display": "0"}, "missing_lines": [2, 5, 6, 7, 8, 9, 10, 11, 14, 17, 18, 19, 20, 21, 22, 25, 26, 27, 28, 29, 30, 31, 32, 33, 34, 35, 36, 37, 38, 42, 44, 45, 46, 47, 48, 49, 50, 51, 52, 53, 54, 56, 57, 58, 59, 60, 61, 62, 63, 64, 65, 66, 67, 68, 69, 70, 71, 72, 73, 74, 75, 76, 77, 78, 79, 80, 81, 82], "excluded_lines": [], "start_line": 1, "executed_branches": [], "missing_branches": [[7, 8], [7, 17], [8, 9], [8, 10], [10, 7], [10, 11], [17, 18], [17, 22], [18, 17], [18, 19], [19, 17], [19, 20], [20, 19], [20, 21], [26, 27], [26, 56], [28, 29], [28, 51], [32, 33], [32, 34], [34, 35], [34, 36], [36, 37], [36, 38], [38, 42], [38, 45], [48, 49], [48, 50], [51, 52], [51, 54], [57, 58], [57, 67], [59, 57], [59, 60], [61, 62], [61, 64], [64, 59], [64, 65], [70, 71], [70, 72], [74, 75], [74, 81], [75, 76], [75, 78], [78, 74], [78, 79]]}}}, "cli/archive_legacy.py": {"executed_lines": [], "summary": {"covered_lines": 0, "num_statements": 376, "percent_covered": 0.0, "percent_covered_display": "0", "missing_lines": 376, "excluded_lines": 0, "percent_statements_covered": 0.0, "percent_statements_covered_display": "0", "num_branches": 116, "num_partial_branches": 0, "covered_branches": 0, "missing_branches": 116, "percent_branches_covered": 0.0, "percent_branches_covered_display": "0"}, "missing_lines": [2, 4, 5, 6, 7, 8, 9, 11, 13, 14, 18, 19, 22, 23, 24, 27, 29, 30, 46, 47, 48, 49, 52, 54, 57, 60, 63, 65, 66, 67, 68, 69, 70, 71, 72, 73, 74, 75, 76, 77, 78, 79, 80, 81, 84, 85, 86, 87, 88, 89, 90, 91, 92, 93, 94, 95, 96, 97, 98, 100, 103, 105, 106, 107, 108, 109, 111, 112, 113, 114, 116, 117, 118, 119, 121, 122, 123, 124, 125, 126, 127, 128, 129, 130, 131, 132, 133, 134, 135, 137, 138, 139, 140, 141, 144, 146, 147, 157, 158, 159, 160, 161, 162, 163, 164, 165, 166, 167, 168, 169, 170, 171, 172, 173, 174, 178, 179, 180, 181, 182, 183, 186, 187, 188, 189, 190, 191, 192, 195, 196, 197, 198, 201, 202, 203, 204, 205, 206, 209, 211, 212, 213, 214, 215, 217, 218, 219, 220, 221, 224, 225, 226, 227, 228, 230, 238, 239, 240, 241, 242, 243, 244, 245, 246, 247, 248, 249, 252, 253, 256, 257, 258, 259, 260, 261, 262, 263, 264, 265, 266, 267, 268, 269, 270, 273, 274, 275, 276, 277, 278, 279, 280, 281, 282, 283, 284, 285, 286, 287, 288, 289, 290, 291, 293, 294, 295, 296, 297, 298, 299, 302, 303, 306, 307, 308, 309, 310, 313, 314, 315, 316, 317, 318, 319, 320, 321, 322, 323, 324, 325, 326, 327, 328, 329, 330, 331, 332, 333, 334, 335, 336, 337, 338, 339, 340, 341, 342, 343, 344, 345, 346, 347, 350, 352, 353, 354, 355, 356, 358, 359, 360, 361, 362, 363, 364, 365, 366, 367, 368, 369, 370, 371, 372, 373, 374, 375, 381, 382, 385, 386, 387, 388, 389, 397, 398, 399, 400, 403, 404, 405, 406, 409, 411, 412, 413, 414, 415, 416, 417, 418, 420, 421, 424, 425, 429, 432, 433, 434, 435, 439, 440, 443, 444, 445, 446, 447, 448, 449, 450, 451, 452, 453, 454, 455, 456, 457, 458, 459, 460, 461, 462, 463, 464, 467, 470, 471, 472, 473, 474, 475, 476, 477, 478, 479, 480, 481, 482, 483, 484, 485, 486, 487, 488, 492, 493, 494, 495, 496, 497, 498, 499, 500, 501, 502, 503, 504, 505, 507, 508, 510, 511, 512, 514, 515, 516, 517], "excluded_lines": [], "executed_branches": [], "missing_branches": [[67, 68], [67, 81], [68, 69], [68, 70], [70, 71], [70, 72], [77, 78], [77, 79], [85, 86], [85, 87], [89, 90], [89, 100], [108, 109], [108, 111], [113, 114], [113, 116], [128, 129], [128, 137], [131, 132], [131, 133], [161, 162], [161, 180], [163, 164], [163, 180], [164, 165], [164, 166], [166, 167], [166, 168], [170, 171], [170, 172], [188, 189], [188, 190], [196, 197], [196, 198], [202, 203], [202, 204], [205, -201], [205, 206], [212, 213], [212, 218], [219, 220], [219, 221], [227, 228], [227, 230], [239, 240], [239, 243], [240, 241], [240, 242], [244, 245], [244, 246], [246, 247], [246, 248], [248, -238], [248, 249], [259, 260], [259, 265], [261, 262], [261, 263], [263, 264], [263, 265], [267, 268], [267, 269], [290, 291], [290, 293], [308, 309], [308, 310], [319, 320], [319, 321], [321, 322], [321, 323], [324, 325], [324, 331], [325, 326], [325, 330], [326, 327], [326, 328], [331, 332], [331, 333], [336, 337], [336, 338], [340, 341], [340, 342], [343, 344], [343, 352], [352, 353], [352, 354], [360, 361], [360, 368], [381, 382], [381, 385], [414, 415], [414, 424], [447, 448], [447, 449], [449, 450], [449, 451], [451, 452], [451, 453], [453, 454], [453, 455], [455, 456], [455, 470], [457, 458], [457, 459], [472, 473], [472, 474], [478, 479], [478, 502], [482, 483], [482, 484], [494, 495], [494, 496], [497, 498], [497, 501], [507, 508], [507, 510]], "functions": {"_now": {"executed_lines": [], "summary": {"covered_lines": 0, "num_statements": 1, "percent_covered": 0.0, "percent_covered_display": "0", "missing_lines": 1, "excluded_lines": 0, "percent_statements_covered": 0.0, "percent_statements_covered_display": "0", "num_branches": 0, "num_partial_branches": 0, "covered_branches": 0, "missing_branches": 0, "percent_branches_covered": 100.0, "percent_branches_covered_display": "100"}, "missing_lines": [19], "excluded_lines": [], "start_line": 18, "executed_branches": [], "missing_branches": []}, "_path": {"executed_lines": [], "summary": {"covered_lines": 0, "num_statements": 2, "percent_covered": 0.0, "percent_covered_display": "0", "missing_lines": 2, "excluded_lines": 0, "percent_statements_covered": 0.0, "percent_statements_covered_display": "0", "num_branches": 0, "num_partial_branches": 0, "covered_branches": 0, "missing_branches": 0, "percent_branches_covered": 100.0, "percent_branches_covered_display": "100"}, "missing_lines": [23, 24], "excluded_lines": [], "start_line": 22, "executed_branches": [], "missing_branches": []}, "_result": {"executed_lines": [], "summary": {"covered_lines": 0, "num_statements": 2, "percent_covered": 0.0, "percent_covered_display": "0", "missing_lines": 2, "excluded_lines": 0, "percent_statements_covered": 0.0, "percent_statements_covered_display": "0", "num_branches": 0, "num_partial_branches": 0, "covered_branches": 0, "missing_branches": 0, "percent_branches_covered": 100.0, "percent_branches_covered_display": "100"}, "missing_lines": [29, 30], "excluded_lines": [], "start_line": 27, "executed_branches": [], "missing_branches": []}, "_file": {"executed_lines": [], "summary": {"covered_lines": 0, "num_statements": 3, "percent_covered": 0.0, "percent_covered_display": "0", "missing_lines": 3, "excluded_lines": 0, "percent_statements_covered": 0.0, "percent_statements_covered_display": "0", "num_branches": 0, "num_partial_branches": 0, "covered_branches": 0, "missing_branches": 0, "percent_branches_covered": 100.0, "percent_branches_covered_display": "100"}, "missing_lines": [47, 48, 49], "excluded_lines": [], "start_line": 46, "executed_branches": [], "missing_branches": []}, "_failure": {"executed_lines": [], "summary": {"covered_lines": 0, "num_statements": 3, "percent_covered": 0.0, "percent_covered_display": "0", "missing_lines": 3, "excluded_lines": 0, "percent_statements_covered": 0.0, "percent_statements_covered_display": "0", "num_branches": 0, "num_partial_branches": 0, "covered_branches": 0, "missing_branches": 0, "percent_branches_covered": 100.0, "percent_branches_covered_display": "100"}, "missing_lines": [54, 57, 60], "excluded_lines": [], "start_line": 52, "executed_branches": [], "missing_branches": []}, "_read_history": {"executed_lines": [], "summary": {"covered_lines": 0, "num_statements": 17, "percent_covered": 0.0, "percent_covered_display": "0", "missing_lines": 17, "excluded_lines": 0, "percent_statements_covered": 0.0, "percent_statements_covered_display": "0", "num_branches": 8, "num_partial_branches": 0, "covered_branches": 0, "missing_branches": 8, "percent_branches_covered": 0.0, "percent_branches_covered_display": "0"}, "missing_lines": [65, 66, 67, 68, 69, 70, 71, 72, 73, 74, 75, 76, 77, 78, 79, 80, 81], "excluded_lines": [], "start_line": 63, "executed_branches": [], "missing_branches": [[67, 68], [67, 81], [68, 69], [68, 70], [70, 71], [70, 72], [77, 78], [77, 79]]}, "_evidence_condition": {"executed_lines": [], "summary": {"covered_lines": 0, "num_statements": 15, "percent_covered": 0.0, "percent_covered_display": "0", "missing_lines": 15, "excluded_lines": 0, "percent_statements_covered": 0.0, "percent_statements_covered_display": "0", "num_branches": 4, "num_partial_branches": 0, "covered_branches": 0, "missing_branches": 4, "percent_branches_covered": 0.0, "percent_branches_covered_display": "0"}, "missing_lines": [85, 86, 87, 88, 89, 90, 91, 92, 93, 94, 95, 96, 97, 98, 100], "excluded_lines": [], "start_line": 84, "executed_branches": [], "missing_branches": [[85, 86], [85, 87], [89, 90], [89, 100]]}, "observe": {"executed_lines": [], "summary": {"covered_lines": 0, "num_statements": 36, "percent_covered": 0.0, "percent_covered_display": "0", "missing_lines": 36, "excluded_lines": 0, "percent_statements_covered": 0.0, "percent_statements_covered_display": "0", "num_branches": 8, "num_partial_branches": 0, "covered_branches": 0, "missing_branches": 8, "percent_branches_covered": 0.0, "percent_branches_covered_display": "0"}, "missing_lines": [105, 106, 107, 108, 109, 111, 112, 113, 114, 116, 117, 118, 119, 121, 122, 123, 124, 125, 126, 127, 128, 129, 130, 131, 132, 133, 134, 135, 137, 138, 139, 140, 141, 144, 146, 147], "excluded_lines": [], "start_line": 103, "executed_branches": [], "missing_branches": [[108, 109], [108, 111], [113, 114], [113, 116], [128, 129], [128, 137], [131, 132], [131, 133]]}, "_preview_row": {"executed_lines": [], "summary": {"covered_lines": 0, "num_statements": 23, "percent_covered": 0.0, "percent_covered_display": "0", "missing_lines": 23, "excluded_lines": 0, "percent_statements_covered": 0.0, "percent_statements_covered_display": "0", "num_branches": 10, "num_partial_branches": 0, "covered_branches": 0, "missing_branches": 10, "percent_branches_covered": 0.0, "percent_branches_covered_display": "0"}, "missing_lines": [158, 159, 160, 161, 162, 163, 164, 165, 166, 167, 168, 169, 170, 171, 172, 173, 174, 178, 179, 180, 181, 182, 183], "excluded_lines": [], "start_line": 157, "executed_branches": [], "missing_branches": [[161, 162], [161, 180], [163, 164], [163, 180], [164, 165], [164, 166], [166, 167], [166, 168], [170, 171], [170, 172]]}, "preview": {"executed_lines": [], "summary": {"covered_lines": 0, "num_statements": 6, "percent_covered": 0.0, "percent_covered_display": "0", "missing_lines": 6, "excluded_lines": 0, "percent_statements_covered": 0.0, "percent_statements_covered_display": "0", "num_branches": 2, "num_partial_branches": 0, "covered_branches": 0, "missing_branches": 2, "percent_branches_covered": 0.0, "percent_branches_covered_display": "0"}, "missing_lines": [187, 188, 189, 190, 191, 192], "excluded_lines": [], "start_line": 186, "executed_branches": [], "missing_branches": [[188, 189], [188, 190]]}, "_load_record": {"executed_lines": [], "summary": {"covered_lines": 0, "num_statements": 3, "percent_covered": 0.0, "percent_covered_display": "0", "missing_lines": 3, "excluded_lines": 0, "percent_statements_covered": 0.0, "percent_statements_covered_display": "0", "num_branches": 2, "num_partial_branches": 0, "covered_branches": 0, "missing_branches": 2, "percent_branches_covered": 0.0, "percent_branches_covered_display": "0"}, "missing_lines": [196, 197, 198], "excluded_lines": [], "start_line": 195, "executed_branches": [], "missing_branches": [[196, 197], [196, 198]]}, "_verify_positive_evidence": {"executed_lines": [], "summary": {"covered_lines": 0, "num_statements": 5, "percent_covered": 0.0, "percent_covered_display": "0", "missing_lines": 5, "excluded_lines": 0, "percent_statements_covered": 0.0, "percent_statements_covered_display": "0", "num_branches": 4, "num_partial_branches": 0, "covered_branches": 0, "missing_branches": 4, "percent_branches_covered": 0.0, "percent_branches_covered_display": "0"}, "missing_lines": [202, 203, 204, 205, 206], "excluded_lines": [], "start_line": 201, "executed_branches": [], "missing_branches": [[202, 203], [202, 204], [205, -201], [205, 206]]}, "_confirm_current": {"executed_lines": [], "summary": {"covered_lines": 0, "num_statements": 10, "percent_covered": 0.0, "percent_covered_display": "0", "missing_lines": 10, "excluded_lines": 0, "percent_statements_covered": 0.0, "percent_statements_covered_display": "0", "num_branches": 4, "num_partial_branches": 0, "covered_branches": 0, "missing_branches": 4, "percent_branches_covered": 0.0, "percent_branches_covered_display": "0"}, "missing_lines": [211, 212, 213, 214, 215, 217, 218, 219, 220, 221], "excluded_lines": [], "start_line": 209, "executed_branches": [], "missing_branches": [[212, 213], [212, 218], [219, 220], [219, 221]]}, "_new_envelope": {"executed_lines": [], "summary": {"covered_lines": 0, "num_statements": 5, "percent_covered": 0.0, "percent_covered_display": "0", "missing_lines": 5, "excluded_lines": 0, "percent_statements_covered": 0.0, "percent_statements_covered_display": "0", "num_branches": 2, "num_partial_branches": 0, "covered_branches": 0, "missing_branches": 2, "percent_branches_covered": 0.0, "percent_branches_covered_display": "0"}, "missing_lines": [225, 226, 227, 228, 230], "excluded_lines": [], "start_line": 224, "executed_branches": [], "missing_branches": [[227, 228], [227, 230]]}, "_action_allowed": {"executed_lines": [], "summary": {"covered_lines": 0, "num_statements": 11, "percent_covered": 0.0, "percent_covered_display": "0", "missing_lines": 11, "excluded_lines": 0, "percent_statements_covered": 0.0, "percent_statements_covered_display": "0", "num_branches": 10, "num_partial_branches": 0, "covered_branches": 0, "missing_branches": 10, "percent_branches_covered": 0.0, "percent_branches_covered_display": "0"}, "missing_lines": [239, 240, 241, 242, 243, 244, 245, 246, 247, 248, 249], "excluded_lines": [], "start_line": 238, "executed_branches": [], "missing_branches": [[239, 240], [239, 243], [240, 241], [240, 242], [244, 245], [244, 246], [246, 247], [246, 248], [248, -238], [248, 249]]}, "_find_action": {"executed_lines": [], "summary": {"covered_lines": 0, "num_statements": 1, "percent_covered": 0.0, "percent_covered_display": "0", "missing_lines": 1, "excluded_lines": 0, "percent_statements_covered": 0.0, "percent_statements_covered_display": "0", "num_branches": 0, "num_partial_branches": 0, "covered_branches": 0, "missing_branches": 0, "percent_branches_covered": 100.0, "percent_branches_covered_display": "100"}, "missing_lines": [253], "excluded_lines": [], "start_line": 252, "executed_branches": [], "missing_branches": []}, "_publish_review": {"executed_lines": [], "summary": {"covered_lines": 0, "num_statements": 14, "percent_covered": 0.0, "percent_covered_display": "0", "missing_lines": 14, "excluded_lines": 0, "percent_statements_covered": 0.0, "percent_statements_covered_display": "0", "num_branches": 8, "num_partial_branches": 0, "covered_branches": 0, "missing_branches": 8, "percent_branches_covered": 0.0, "percent_branches_covered_display": "0"}, "missing_lines": [257, 258, 259, 260, 261, 262, 263, 264, 265, 266, 267, 268, 269, 270], "excluded_lines": [], "start_line": 256, "executed_branches": [], "missing_branches": [[259, 260], [259, 265], [261, 262], [261, 263], [263, 264], [263, 265], [267, 268], [267, 269]]}, "_derived_outcomes": {"executed_lines": [], "summary": {"covered_lines": 0, "num_statements": 25, "percent_covered": 0.0, "percent_covered_display": "0", "missing_lines": 25, "excluded_lines": 0, "percent_statements_covered": 0.0, "percent_statements_covered_display": "0", "num_branches": 2, "num_partial_branches": 0, "covered_branches": 0, "missing_branches": 2, "percent_branches_covered": 0.0, "percent_branches_covered_display": "0"}, "missing_lines": [274, 275, 276, 277, 278, 279, 280, 281, 282, 283, 284, 285, 286, 287, 288, 289, 290, 291, 293, 294, 295, 296, 297, 298, 299], "excluded_lines": [], "start_line": 273, "executed_branches": [], "missing_branches": [[290, 291], [290, 293]]}, "_usable": {"executed_lines": [], "summary": {"covered_lines": 0, "num_statements": 1, "percent_covered": 0.0, "percent_covered_display": "0", "missing_lines": 1, "excluded_lines": 0, "percent_statements_covered": 0.0, "percent_statements_covered_display": "0", "num_branches": 0, "num_partial_branches": 0, "covered_branches": 0, "missing_branches": 0, "percent_branches_covered": 100.0, "percent_branches_covered_display": "100"}, "missing_lines": [303], "excluded_lines": [], "start_line": 302, "executed_branches": [], "missing_branches": []}, "_replayed": {"executed_lines": [], "summary": {"covered_lines": 0, "num_statements": 4, "percent_covered": 0.0, "percent_covered_display": "0", "missing_lines": 4, "excluded_lines": 0, "percent_statements_covered": 0.0, "percent_statements_covered_display": "0", "num_branches": 2, "num_partial_branches": 0, "covered_branches": 0, "missing_branches": 2, "percent_branches_covered": 0.0, "percent_branches_covered_display": "0"}, "missing_lines": [307, 308, 309, 310], "excluded_lines": [], "start_line": 306, "executed_branches": [], "missing_branches": [[308, 309], [308, 310]]}, "review": {"executed_lines": [], "summary": {"covered_lines": 0, "num_statements": 73, "percent_covered": 0.0, "percent_covered_display": "0", "missing_lines": 73, "excluded_lines": 0, "percent_statements_covered": 0.0, "percent_statements_covered_display": "0", "num_branches": 24, "num_partial_branches": 0, "covered_branches": 0, "missing_branches": 24, "percent_branches_covered": 0.0, "percent_branches_covered_display": "0"}, "missing_lines": [314, 315, 316, 317, 318, 319, 320, 321, 322, 323, 324, 325, 326, 327, 328, 329, 330, 331, 332, 333, 334, 335, 336, 337, 338, 339, 340, 341, 342, 343, 344, 345, 346, 347, 350, 352, 353, 354, 355, 356, 358, 359, 360, 361, 362, 363, 364, 365, 366, 367, 368, 369, 370, 371, 372, 373, 374, 375, 381, 382, 385, 386, 387, 388, 389, 397, 398, 399, 400, 403, 404, 405, 406], "excluded_lines": [], "start_line": 313, "executed_branches": [], "missing_branches": [[319, 320], [319, 321], [321, 322], [321, 323], [324, 325], [324, 331], [325, 326], [325, 330], [326, 327], [326, 328], [331, 332], [331, 333], [336, 337], [336, 338], [340, 341], [340, 342], [343, 344], [343, 352], [352, 353], [352, 354], [360, 361], [360, 368], [381, 382], [381, 385]]}, "_rescan_preview": {"executed_lines": [], "summary": {"covered_lines": 0, "num_statements": 13, "percent_covered": 0.0, "percent_covered_display": "0", "missing_lines": 13, "excluded_lines": 0, "percent_statements_covered": 0.0, "percent_statements_covered_display": "0", "num_branches": 2, "num_partial_branches": 0, "covered_branches": 0, "missing_branches": 2, "percent_branches_covered": 0.0, "percent_branches_covered_display": "0"}, "missing_lines": [411, 412, 413, 414, 415, 416, 417, 418, 420, 421, 424, 425, 429], "excluded_lines": [], "start_line": 409, "executed_branches": [], "missing_branches": [[414, 415], [414, 424]]}, "_rescan_unavailable": {"executed_lines": [], "summary": {"covered_lines": 0, "num_statements": 5, "percent_covered": 0.0, "percent_covered_display": "0", "missing_lines": 5, "excluded_lines": 0, "percent_statements_covered": 0.0, "percent_statements_covered_display": "0", "num_branches": 0, "num_partial_branches": 0, "covered_branches": 0, "missing_branches": 0, "percent_branches_covered": 100.0, "percent_branches_covered_display": "100"}, "missing_lines": [433, 434, 435, 439, 440], "excluded_lines": [], "start_line": 432, "executed_branches": [], "missing_branches": []}, "rescan": {"executed_lines": [], "summary": {"covered_lines": 0, "num_statements": 64, "percent_covered": 0.0, "percent_covered_display": "0", "missing_lines": 64, "excluded_lines": 0, "percent_statements_covered": 0.0, "percent_statements_covered_display": "0", "num_branches": 24, "num_partial_branches": 0, "covered_branches": 0, "missing_branches": 24, "percent_branches_covered": 0.0, "percent_branches_covered_display": "0"}, "missing_lines": [444, 445, 446, 447, 448, 449, 450, 451, 452, 453, 454, 455, 456, 457, 458, 459, 460, 461, 462, 463, 464, 467, 470, 471, 472, 473, 474, 475, 476, 477, 478, 479, 480, 481, 482, 483, 484, 485, 486, 487, 488, 492, 493, 494, 495, 496, 497, 498, 499, 500, 501, 502, 503, 504, 505, 507, 508, 510, 511, 512, 514, 515, 516, 517], "excluded_lines": [], "start_line": 443, "executed_branches": [], "missing_branches": [[447, 448], [447, 449], [449, 450], [449, 451], [451, 452], [451, 453], [453, 454], [453, 455], [455, 456], [455, 470], [457, 458], [457, 459], [472, 473], [472, 474], [478, 479], [478, 502], [482, 483], [482, 484], [494, 495], [494, 496], [497, 498], [497, 501], [507, 508], [507, 510]]}, "": {"executed_lines": [], "summary": {"covered_lines": 0, "num_statements": 34, "percent_covered": 0.0, "percent_covered_display": "0", "missing_lines": 34, "excluded_lines": 0, "percent_statements_covered": 0.0, "percent_statements_covered_display": "0", "num_branches": 0, "num_partial_branches": 0, "covered_branches": 0, "missing_branches": 0, "percent_branches_covered": 100.0, "percent_branches_covered_display": "100"}, "missing_lines": [2, 4, 5, 6, 7, 8, 9, 11, 13, 14, 18, 22, 27, 46, 52, 63, 84, 103, 157, 186, 195, 201, 209, 224, 238, 252, 256, 273, 302, 306, 313, 409, 432, 443], "excluded_lines": [], "start_line": 1, "executed_branches": [], "missing_branches": []}}, "classes": {"": {"executed_lines": [], "summary": {"covered_lines": 0, "num_statements": 376, "percent_covered": 0.0, "percent_covered_display": "0", "missing_lines": 376, "excluded_lines": 0, "percent_statements_covered": 0.0, "percent_statements_covered_display": "0", "num_branches": 116, "num_partial_branches": 0, "covered_branches": 0, "missing_branches": 116, "percent_branches_covered": 0.0, "percent_branches_covered_display": "0"}, "missing_lines": [2, 4, 5, 6, 7, 8, 9, 11, 13, 14, 18, 19, 22, 23, 24, 27, 29, 30, 46, 47, 48, 49, 52, 54, 57, 60, 63, 65, 66, 67, 68, 69, 70, 71, 72, 73, 74, 75, 76, 77, 78, 79, 80, 81, 84, 85, 86, 87, 88, 89, 90, 91, 92, 93, 94, 95, 96, 97, 98, 100, 103, 105, 106, 107, 108, 109, 111, 112, 113, 114, 116, 117, 118, 119, 121, 122, 123, 124, 125, 126, 127, 128, 129, 130, 131, 132, 133, 134, 135, 137, 138, 139, 140, 141, 144, 146, 147, 157, 158, 159, 160, 161, 162, 163, 164, 165, 166, 167, 168, 169, 170, 171, 172, 173, 174, 178, 179, 180, 181, 182, 183, 186, 187, 188, 189, 190, 191, 192, 195, 196, 197, 198, 201, 202, 203, 204, 205, 206, 209, 211, 212, 213, 214, 215, 217, 218, 219, 220, 221, 224, 225, 226, 227, 228, 230, 238, 239, 240, 241, 242, 243, 244, 245, 246, 247, 248, 249, 252, 253, 256, 257, 258, 259, 260, 261, 262, 263, 264, 265, 266, 267, 268, 269, 270, 273, 274, 275, 276, 277, 278, 279, 280, 281, 282, 283, 284, 285, 286, 287, 288, 289, 290, 291, 293, 294, 295, 296, 297, 298, 299, 302, 303, 306, 307, 308, 309, 310, 313, 314, 315, 316, 317, 318, 319, 320, 321, 322, 323, 324, 325, 326, 327, 328, 329, 330, 331, 332, 333, 334, 335, 336, 337, 338, 339, 340, 341, 342, 343, 344, 345, 346, 347, 350, 352, 353, 354, 355, 356, 358, 359, 360, 361, 362, 363, 364, 365, 366, 367, 368, 369, 370, 371, 372, 373, 374, 375, 381, 382, 385, 386, 387, 388, 389, 397, 398, 399, 400, 403, 404, 405, 406, 409, 411, 412, 413, 414, 415, 416, 417, 418, 420, 421, 424, 425, 429, 432, 433, 434, 435, 439, 440, 443, 444, 445, 446, 447, 448, 449, 450, 451, 452, 453, 454, 455, 456, 457, 458, 459, 460, 461, 462, 463, 464, 467, 470, 471, 472, 473, 474, 475, 476, 477, 478, 479, 480, 481, 482, 483, 484, 485, 486, 487, 488, 492, 493, 494, 495, 496, 497, 498, 499, 500, 501, 502, 503, 504, 505, 507, 508, 510, 511, 512, 514, 515, 516, 517], "excluded_lines": [], "start_line": 1, "executed_branches": [], "missing_branches": [[67, 68], [67, 81], [68, 69], [68, 70], [70, 71], [70, 72], [77, 78], [77, 79], [85, 86], [85, 87], [89, 90], [89, 100], [108, 109], [108, 111], [113, 114], [113, 116], [128, 129], [128, 137], [131, 132], [131, 133], [161, 162], [161, 180], [163, 164], [163, 180], [164, 165], [164, 166], [166, 167], [166, 168], [170, 171], [170, 172], [188, 189], [188, 190], [196, 197], [196, 198], [202, 203], [202, 204], [205, -201], [205, 206], [212, 213], [212, 218], [219, 220], [219, 221], [227, 228], [227, 230], [239, 240], [239, 243], [240, 241], [240, 242], [244, 245], [244, 246], [246, 247], [246, 248], [248, -238], [248, 249], [259, 260], [259, 265], [261, 262], [261, 263], [263, 264], [263, 265], [267, 268], [267, 269], [290, 291], [290, 293], [308, 309], [308, 310], [319, 320], [319, 321], [321, 322], [321, 323], [324, 325], [324, 331], [325, 326], [325, 330], [326, 327], [326, 328], [331, 332], [331, 333], [336, 337], [336, 338], [340, 341], [340, 342], [343, 344], [343, 352], [352, 353], [352, 354], [360, 361], [360, 368], [381, 382], [381, 385], [414, 415], [414, 424], [447, 448], [447, 449], [449, 450], [449, 451], [451, 452], [451, 453], [453, 454], [453, 455], [455, 456], [455, 470], [457, 458], [457, 459], [472, 473], [472, 474], [478, 479], [478, 502], [482, 483], [482, 484], [494, 495], [494, 496], [497, 498], [497, 501], [507, 508], [507, 510]]}}}, "cli/archive_legacy_model.py": {"executed_lines": [], "summary": {"covered_lines": 0, "num_statements": 227, "percent_covered": 0.0, "percent_covered_display": "0", "missing_lines": 227, "excluded_lines": 0, "percent_statements_covered": 0.0, "percent_statements_covered_display": "0", "num_branches": 130, "num_partial_branches": 0, "covered_branches": 0, "missing_branches": 130, "percent_branches_covered": 0.0, "percent_branches_covered_display": "0"}, "missing_lines": [2, 4, 5, 6, 7, 9, 12, 16, 17, 20, 21, 22, 23, 24, 25, 26, 27, 28, 31, 32, 33, 34, 35, 36, 39, 40, 41, 44, 45, 46, 49, 50, 51, 52, 55, 56, 57, 58, 59, 60, 61, 62, 63, 64, 65, 66, 67, 68, 69, 70, 71, 72, 75, 76, 77, 78, 79, 80, 81, 82, 83, 84, 87, 88, 89, 90, 91, 92, 93, 94, 95, 96, 97, 98, 99, 100, 101, 102, 103, 104, 105, 106, 107, 108, 109, 110, 111, 112, 113, 114, 115, 116, 117, 118, 119, 120, 121, 122, 123, 124, 125, 126, 127, 128, 129, 130, 131, 132, 133, 134, 135, 136, 137, 138, 139, 140, 141, 142, 143, 144, 145, 146, 147, 148, 149, 150, 153, 154, 155, 156, 157, 158, 159, 160, 163, 164, 165, 166, 167, 168, 169, 170, 171, 172, 175, 176, 177, 178, 179, 180, 182, 183, 184, 185, 188, 190, 191, 192, 193, 194, 195, 196, 197, 198, 199, 200, 201, 202, 203, 204, 205, 206, 207, 208, 209, 210, 211, 212, 213, 214, 215, 216, 217, 218, 219, 220, 221, 222, 223, 224, 225, 226, 227, 228, 231, 232, 233, 236, 237, 238, 239, 240, 241, 242, 243, 244, 245, 246, 247, 248, 249, 250, 251, 252, 253, 254, 255, 256, 257, 258, 259, 260, 261, 262, 263, 264, 265], "excluded_lines": [], "executed_branches": [], "missing_branches": [[21, 22], [21, 23], [27, -20], [27, 28], [33, -31], [33, 34], [40, -39], [40, 41], [45, -44], [45, 46], [51, -49], [51, 52], [56, 57], [56, 58], [58, 59], [58, 60], [60, 61], [60, 62], [64, 65], [64, 69], [67, 68], [67, 71], [69, 70], [69, 71], [71, -55], [71, 72], [76, 77], [76, 78], [78, 79], [78, 83], [81, -75], [81, 82], [83, -75], [83, 84], [88, 89], [88, 90], [94, 95], [94, 96], [98, 99], [98, 100], [102, 103], [102, 104], [105, 106], [105, 107], [107, 108], [107, 109], [112, 113], [112, 114], [114, 115], [114, 116], [117, 118], [117, 119], [120, 121], [120, 122], [122, 123], [122, 126], [124, 125], [124, 128], [126, 127], [126, 128], [128, 129], [128, 130], [131, 132], [131, 133], [133, 134], [133, 140], [134, 135], [134, 136], [137, 138], [137, 139], [141, 142], [141, 148], [145, 146], [145, 148], [146, 145], [146, 147], [148, 149], [148, 150], [158, 159], [158, 160], [165, 166], [165, 172], [166, 167], [166, 168], [170, 171], [170, 172], [191, 192], [191, 193], [197, 198], [197, 199], [200, 201], [200, 202], [202, 203], [202, 204], [206, 207], [206, 208], [208, 209], [208, 210], [212, 195], [212, 213], [215, 216], [215, 217], [219, 220], [219, 228], [221, 222], [221, 223], [223, 224], [223, 225], [225, 226], [225, 227], [237, 238], [237, 239], [242, 243], [242, 244], [246, 247], [246, 248], [250, 251], [250, 252], [253, 254], [253, 260], [254, 255], [254, 256], [256, 257], [256, 258], [258, 259], [258, 260], [260, 261], [260, 262], [262, 263], [262, 264]], "functions": {"_time": {"executed_lines": [], "summary": {"covered_lines": 0, "num_statements": 8, "percent_covered": 0.0, "percent_covered_display": "0", "missing_lines": 8, "excluded_lines": 0, "percent_statements_covered": 0.0, "percent_statements_covered_display": "0", "num_branches": 4, "num_partial_branches": 0, "covered_branches": 0, "missing_branches": 4, "percent_branches_covered": 0.0, "percent_branches_covered_display": "0"}, "missing_lines": [21, 22, 23, 24, 25, 26, 27, 28], "excluded_lines": [], "start_line": 20, "executed_branches": [], "missing_branches": [[21, 22], [21, 23], [27, -20], [27, 28]]}, "_uuid": {"executed_lines": [], "summary": {"covered_lines": 0, "num_statements": 5, "percent_covered": 0.0, "percent_covered_display": "0", "missing_lines": 5, "excluded_lines": 0, "percent_statements_covered": 0.0, "percent_statements_covered_display": "0", "num_branches": 2, "num_partial_branches": 0, "covered_branches": 0, "missing_branches": 2, "percent_branches_covered": 0.0, "percent_branches_covered_display": "0"}, "missing_lines": [32, 33, 34, 35, 36], "excluded_lines": [], "start_line": 31, "executed_branches": [], "missing_branches": [[33, -31], [33, 34]]}, "_action_id": {"executed_lines": [], "summary": {"covered_lines": 0, "num_statements": 2, "percent_covered": 0.0, "percent_covered_display": "0", "missing_lines": 2, "excluded_lines": 0, "percent_statements_covered": 0.0, "percent_statements_covered_display": "0", "num_branches": 2, "num_partial_branches": 0, "covered_branches": 0, "missing_branches": 2, "percent_branches_covered": 0.0, "percent_branches_covered_display": "0"}, "missing_lines": [40, 41], "excluded_lines": [], "start_line": 39, "executed_branches": [], "missing_branches": [[40, -39], [40, 41]]}, "_text": {"executed_lines": [], "summary": {"covered_lines": 0, "num_statements": 2, "percent_covered": 0.0, "percent_covered_display": "0", "missing_lines": 2, "excluded_lines": 0, "percent_statements_covered": 0.0, "percent_statements_covered_display": "0", "num_branches": 2, "num_partial_branches": 0, "covered_branches": 0, "missing_branches": 2, "percent_branches_covered": 0.0, "percent_branches_covered_display": "0"}, "missing_lines": [45, 46], "excluded_lines": [], "start_line": 44, "executed_branches": [], "missing_branches": [[45, -44], [45, 46]]}, "_bound_pointer": {"executed_lines": [], "summary": {"covered_lines": 0, "num_statements": 3, "percent_covered": 0.0, "percent_covered_display": "0", "missing_lines": 3, "excluded_lines": 0, "percent_statements_covered": 0.0, "percent_statements_covered_display": "0", "num_branches": 2, "num_partial_branches": 0, "covered_branches": 0, "missing_branches": 2, "percent_branches_covered": 0.0, "percent_branches_covered_display": "0"}, "missing_lines": [50, 51, 52], "excluded_lines": [], "start_line": 49, "executed_branches": [], "missing_branches": [[51, -49], [51, 52]]}, "_evidence": {"executed_lines": [], "summary": {"covered_lines": 0, "num_statements": 17, "percent_covered": 0.0, "percent_covered_display": "0", "missing_lines": 17, "excluded_lines": 0, "percent_statements_covered": 0.0, "percent_statements_covered_display": "0", "num_branches": 14, "num_partial_branches": 0, "covered_branches": 0, "missing_branches": 14, "percent_branches_covered": 0.0, "percent_branches_covered_display": "0"}, "missing_lines": [56, 57, 58, 59, 60, 61, 62, 63, 64, 65, 66, 67, 68, 69, 70, 71, 72], "excluded_lines": [], "start_line": 55, "executed_branches": [], "missing_branches": [[56, 57], [56, 58], [58, 59], [58, 60], [60, 61], [60, 62], [64, 65], [64, 69], [67, 68], [67, 71], [69, 70], [69, 71], [71, -55], [71, 72]]}, "_closed_at": {"executed_lines": [], "summary": {"covered_lines": 0, "num_statements": 9, "percent_covered": 0.0, "percent_covered_display": "0", "missing_lines": 9, "excluded_lines": 0, "percent_statements_covered": 0.0, "percent_statements_covered_display": "0", "num_branches": 8, "num_partial_branches": 0, "covered_branches": 0, "missing_branches": 8, "percent_branches_covered": 0.0, "percent_branches_covered_display": "0"}, "missing_lines": [76, 77, 78, 79, 80, 81, 82, 83, 84], "excluded_lines": [], "start_line": 75, "executed_branches": [], "missing_branches": [[76, 77], [76, 78], [78, 79], [78, 83], [81, -75], [81, 82], [83, -75], [83, 84]]}, "_review_fields": {"executed_lines": [], "summary": {"covered_lines": 0, "num_statements": 63, "percent_covered": 0.0, "percent_covered_display": "0", "missing_lines": 63, "excluded_lines": 0, "percent_statements_covered": 0.0, "percent_statements_covered_display": "0", "num_branches": 44, "num_partial_branches": 0, "covered_branches": 0, "missing_branches": 44, "percent_branches_covered": 0.0, "percent_branches_covered_display": "0"}, "missing_lines": [88, 89, 90, 91, 92, 93, 94, 95, 96, 97, 98, 99, 100, 101, 102, 103, 104, 105, 106, 107, 108, 109, 110, 111, 112, 113, 114, 115, 116, 117, 118, 119, 120, 121, 122, 123, 124, 125, 126, 127, 128, 129, 130, 131, 132, 133, 134, 135, 136, 137, 138, 139, 140, 141, 142, 143, 144, 145, 146, 147, 148, 149, 150], "excluded_lines": [], "start_line": 87, "executed_branches": [], "missing_branches": [[88, 89], [88, 90], [94, 95], [94, 96], [98, 99], [98, 100], [102, 103], [102, 104], [105, 106], [105, 107], [107, 108], [107, 109], [112, 113], [112, 114], [114, 115], [114, 116], [117, 118], [117, 119], [120, 121], [120, 122], [122, 123], [122, 126], [124, 125], [124, 128], [126, 127], [126, 128], [128, 129], [128, 130], [131, 132], [131, 133], [133, 134], [133, 140], [134, 135], [134, 136], [137, 138], [137, 139], [141, 142], [141, 148], [145, 146], [145, 148], [146, 145], [146, 147], [148, 149], [148, 150]]}, "semantic_payload": {"executed_lines": [], "summary": {"covered_lines": 0, "num_statements": 7, "percent_covered": 0.0, "percent_covered_display": "0", "missing_lines": 7, "excluded_lines": 0, "percent_statements_covered": 0.0, "percent_statements_covered_display": "0", "num_branches": 2, "num_partial_branches": 0, "covered_branches": 0, "missing_branches": 2, "percent_branches_covered": 0.0, "percent_branches_covered_display": "0"}, "missing_lines": [154, 155, 156, 157, 158, 159, 160], "excluded_lines": [], "start_line": 153, "executed_branches": [], "missing_branches": [[158, 159], [158, 160]]}, "validate_review": {"executed_lines": [], "summary": {"covered_lines": 0, "num_statements": 9, "percent_covered": 0.0, "percent_covered_display": "0", "missing_lines": 9, "excluded_lines": 0, "percent_statements_covered": 0.0, "percent_statements_covered_display": "0", "num_branches": 6, "num_partial_branches": 0, "covered_branches": 0, "missing_branches": 6, "percent_branches_covered": 0.0, "percent_branches_covered_display": "0"}, "missing_lines": [164, 165, 166, 167, 168, 169, 170, 171, 172], "excluded_lines": [], "start_line": 163, "executed_branches": [], "missing_branches": [[165, 166], [165, 172], [166, 167], [166, 168], [170, 171], [170, 172]]}, "make_review": {"executed_lines": [], "summary": {"covered_lines": 0, "num_statements": 9, "percent_covered": 0.0, "percent_covered_display": "0", "missing_lines": 9, "excluded_lines": 0, "percent_statements_covered": 0.0, "percent_statements_covered_display": "0", "num_branches": 0, "num_partial_branches": 0, "covered_branches": 0, "missing_branches": 0, "percent_branches_covered": 100.0, "percent_branches_covered_display": "100"}, "missing_lines": [176, 177, 178, 179, 180, 182, 183, 184, 185], "excluded_lines": [], "start_line": 175, "executed_branches": [], "missing_branches": []}, "validate_chain": {"executed_lines": [], "summary": {"covered_lines": 0, "num_statements": 39, "percent_covered": 0.0, "percent_covered_display": "0", "missing_lines": 39, "excluded_lines": 0, "percent_statements_covered": 0.0, "percent_statements_covered_display": "0", "num_branches": 24, "num_partial_branches": 0, "covered_branches": 0, "missing_branches": 24, "percent_branches_covered": 0.0, "percent_branches_covered_display": "0"}, "missing_lines": [190, 191, 192, 193, 194, 195, 196, 197, 198, 199, 200, 201, 202, 203, 204, 205, 206, 207, 208, 209, 210, 211, 212, 213, 214, 215, 216, 217, 218, 219, 220, 221, 222, 223, 224, 225, 226, 227, 228], "excluded_lines": [], "start_line": 188, "executed_branches": [], "missing_branches": [[191, 192], [191, 193], [197, 198], [197, 199], [200, 201], [200, 202], [202, 203], [202, 204], [206, 207], [206, 208], [208, 209], [208, 210], [212, 195], [212, 213], [215, 216], [215, 217], [219, 220], [219, 228], [221, 222], [221, 223], [223, 224], [223, 225], [225, 226], [225, 227]]}, "effective_disposition": {"executed_lines": [], "summary": {"covered_lines": 0, "num_statements": 2, "percent_covered": 0.0, "percent_covered_display": "0", "missing_lines": 2, "excluded_lines": 0, "percent_statements_covered": 0.0, "percent_statements_covered_display": "0", "num_branches": 0, "num_partial_branches": 0, "covered_branches": 0, "missing_branches": 0, "percent_branches_covered": 100.0, "percent_branches_covered_display": "100"}, "missing_lines": [232, 233], "excluded_lines": [], "start_line": 231, "executed_branches": [], "missing_branches": []}, "validate_legacy_envelope": {"executed_lines": [], "summary": {"covered_lines": 0, "num_statements": 29, "percent_covered": 0.0, "percent_covered_display": "0", "missing_lines": 29, "excluded_lines": 0, "percent_statements_covered": 0.0, "percent_statements_covered_display": "0", "num_branches": 20, "num_partial_branches": 0, "covered_branches": 0, "missing_branches": 20, "percent_branches_covered": 0.0, "percent_branches_covered_display": "0"}, "missing_lines": [237, 238, 239, 240, 241, 242, 243, 244, 245, 246, 247, 248, 249, 250, 251, 252, 253, 254, 255, 256, 257, 258, 259, 260, 261, 262, 263, 264, 265], "excluded_lines": [], "start_line": 236, "executed_branches": [], "missing_branches": [[237, 238], [237, 239], [242, 243], [242, 244], [246, 247], [246, 248], [250, 251], [250, 252], [253, 254], [253, 260], [254, 255], [254, 256], [256, 257], [256, 258], [258, 259], [258, 260], [260, 261], [260, 262], [262, 263], [262, 264]]}, "": {"executed_lines": [], "summary": {"covered_lines": 0, "num_statements": 23, "percent_covered": 0.0, "percent_covered_display": "0", "missing_lines": 23, "excluded_lines": 0, "percent_statements_covered": 0.0, "percent_statements_covered_display": "0", "num_branches": 0, "num_partial_branches": 0, "covered_branches": 0, "missing_branches": 0, "percent_branches_covered": 100.0, "percent_branches_covered_display": "100"}, "missing_lines": [2, 4, 5, 6, 7, 9, 12, 16, 17, 20, 31, 39, 44, 49, 55, 75, 87, 153, 163, 175, 188, 231, 236], "excluded_lines": [], "start_line": 1, "executed_branches": [], "missing_branches": []}}, "classes": {"": {"executed_lines": [], "summary": {"covered_lines": 0, "num_statements": 227, "percent_covered": 0.0, "percent_covered_display": "0", "missing_lines": 227, "excluded_lines": 0, "percent_statements_covered": 0.0, "percent_statements_covered_display": "0", "num_branches": 130, "num_partial_branches": 0, "covered_branches": 0, "missing_branches": 130, "percent_branches_covered": 0.0, "percent_branches_covered_display": "0"}, "missing_lines": [2, 4, 5, 6, 7, 9, 12, 16, 17, 20, 21, 22, 23, 24, 25, 26, 27, 28, 31, 32, 33, 34, 35, 36, 39, 40, 41, 44, 45, 46, 49, 50, 51, 52, 55, 56, 57, 58, 59, 60, 61, 62, 63, 64, 65, 66, 67, 68, 69, 70, 71, 72, 75, 76, 77, 78, 79, 80, 81, 82, 83, 84, 87, 88, 89, 90, 91, 92, 93, 94, 95, 96, 97, 98, 99, 100, 101, 102, 103, 104, 105, 106, 107, 108, 109, 110, 111, 112, 113, 114, 115, 116, 117, 118, 119, 120, 121, 122, 123, 124, 125, 126, 127, 128, 129, 130, 131, 132, 133, 134, 135, 136, 137, 138, 139, 140, 141, 142, 143, 144, 145, 146, 147, 148, 149, 150, 153, 154, 155, 156, 157, 158, 159, 160, 163, 164, 165, 166, 167, 168, 169, 170, 171, 172, 175, 176, 177, 178, 179, 180, 182, 183, 184, 185, 188, 190, 191, 192, 193, 194, 195, 196, 197, 198, 199, 200, 201, 202, 203, 204, 205, 206, 207, 208, 209, 210, 211, 212, 213, 214, 215, 216, 217, 218, 219, 220, 221, 222, 223, 224, 225, 226, 227, 228, 231, 232, 233, 236, 237, 238, 239, 240, 241, 242, 243, 244, 245, 246, 247, 248, 249, 250, 251, 252, 253, 254, 255, 256, 257, 258, 259, 260, 261, 262, 263, 264, 265], "excluded_lines": [], "start_line": 1, "executed_branches": [], "missing_branches": [[21, 22], [21, 23], [27, -20], [27, 28], [33, -31], [33, 34], [40, -39], [40, 41], [45, -44], [45, 46], [51, -49], [51, 52], [56, 57], [56, 58], [58, 59], [58, 60], [60, 61], [60, 62], [64, 65], [64, 69], [67, 68], [67, 71], [69, 70], [69, 71], [71, -55], [71, 72], [76, 77], [76, 78], [78, 79], [78, 83], [81, -75], [81, 82], [83, -75], [83, 84], [88, 89], [88, 90], [94, 95], [94, 96], [98, 99], [98, 100], [102, 103], [102, 104], [105, 106], [105, 107], [107, 108], [107, 109], [112, 113], [112, 114], [114, 115], [114, 116], [117, 118], [117, 119], [120, 121], [120, 122], [122, 123], [122, 126], [124, 125], [124, 128], [126, 127], [126, 128], [128, 129], [128, 130], [131, 132], [131, 133], [133, 134], [133, 140], [134, 135], [134, 136], [137, 138], [137, 139], [141, 142], [141, 148], [145, 146], [145, 148], [146, 145], [146, 147], [148, 149], [148, 150], [158, 159], [158, 160], [165, 166], [165, 172], [166, 167], [166, 168], [170, 171], [170, 172], [191, 192], [191, 193], [197, 198], [197, 199], [200, 201], [200, 202], [202, 203], [202, 204], [206, 207], [206, 208], [208, 209], [208, 210], [212, 195], [212, 213], [215, 216], [215, 217], [219, 220], [219, 228], [221, 222], [221, 223], [223, 224], [223, 225], [225, 226], [225, 227], [237, 238], [237, 239], [242, 243], [242, 244], [246, 247], [246, 248], [250, 251], [250, 252], [253, 254], [253, 260], [254, 255], [254, 256], [256, 257], [256, 258], [258, 259], [258, 260], [260, 261], [260, 262], [262, 263], [262, 264]]}}}, "cli/archive_model.py": {"executed_lines": [], "summary": {"covered_lines": 0, "num_statements": 154, "percent_covered": 0.0, "percent_covered_display": "0", "missing_lines": 154, "excluded_lines": 0, "percent_statements_covered": 0.0, "percent_statements_covered_display": "0", "num_branches": 94, "num_partial_branches": 0, "covered_branches": 0, "missing_branches": 94, "percent_branches_covered": 0.0, "percent_branches_covered_display": "0"}, "missing_lines": [2, 3, 4, 5, 6, 7, 9, 10, 11, 12, 15, 16, 19, 20, 23, 24, 25, 26, 27, 28, 29, 30, 31, 32, 33, 34, 35, 36, 39, 40, 41, 42, 43, 44, 45, 46, 47, 48, 49, 50, 51, 52, 53, 54, 55, 57, 60, 61, 62, 63, 64, 65, 66, 67, 68, 69, 70, 71, 72, 73, 74, 75, 76, 77, 78, 81, 82, 83, 84, 85, 86, 87, 88, 89, 90, 91, 94, 95, 96, 97, 98, 99, 100, 101, 102, 103, 104, 105, 106, 107, 108, 109, 110, 111, 112, 113, 114, 115, 118, 119, 120, 121, 124, 125, 126, 127, 128, 129, 130, 131, 132, 133, 134, 135, 136, 137, 138, 139, 140, 141, 142, 143, 144, 145, 146, 147, 148, 149, 152, 153, 154, 155, 156, 157, 158, 159, 160, 161, 162, 163, 164, 166, 167, 170, 171, 172, 173, 174, 175, 176, 177, 178, 179, 180], "excluded_lines": [], "executed_branches": [], "missing_branches": [[24, 25], [24, 26], [31, 32], [31, 33], [34, 35], [34, 36], [43, 44], [43, 45], [47, 48], [47, 49], [49, 50], [49, 53], [51, -39], [51, 52], [53, 54], [53, 57], [54, -39], [54, 55], [61, 62], [61, 63], [63, 64], [63, 65], [65, 66], [65, 67], [67, 68], [67, 70], [68, 69], [68, 72], [70, 71], [70, 72], [72, -60], [72, 73], [73, 74], [73, 75], [75, -60], [75, 76], [77, 75], [77, 78], [82, 83], [82, 84], [84, 85], [84, 86], [86, 87], [86, 88], [88, -81], [88, 89], [89, 90], [89, 91], [95, 96], [95, 97], [98, 99], [98, 100], [100, 101], [100, 109], [101, 102], [101, 103], [103, 104], [103, 105], [105, 106], [105, 107], [107, 100], [107, 108], [110, 111], [110, 112], [112, -94], [112, 113], [113, 114], [113, 115], [125, 126], [125, 127], [127, 128], [127, 130], [130, 131], [130, 132], [132, 133], [132, 134], [137, 138], [137, 145], [138, 139], [138, 140], [141, 142], [141, 143], [143, 144], [143, 145], [146, 147], [146, 148], [155, 156], [155, 157], [161, 162], [161, 167], [163, 164], [163, 166], [174, 175], [174, 178]], "functions": {"canonical_json": {"executed_lines": [], "summary": {"covered_lines": 0, "num_statements": 1, "percent_covered": 0.0, "percent_covered_display": "0", "missing_lines": 1, "excluded_lines": 0, "percent_statements_covered": 0.0, "percent_statements_covered_display": "0", "num_branches": 0, "num_partial_branches": 0, "covered_branches": 0, "missing_branches": 0, "percent_branches_covered": 100.0, "percent_branches_covered_display": "100"}, "missing_lines": [16], "excluded_lines": [], "start_line": 15, "executed_branches": [], "missing_branches": []}, "digest": {"executed_lines": [], "summary": {"covered_lines": 0, "num_statements": 1, "percent_covered": 0.0, "percent_covered_display": "0", "missing_lines": 1, "excluded_lines": 0, "percent_statements_covered": 0.0, "percent_statements_covered_display": "0", "num_branches": 0, "num_partial_branches": 0, "covered_branches": 0, "missing_branches": 0, "percent_branches_covered": 100.0, "percent_branches_covered_display": "100"}, "missing_lines": [20], "excluded_lines": [], "start_line": 19, "executed_branches": [], "missing_branches": []}, "qualified": {"executed_lines": [], "summary": {"covered_lines": 0, "num_statements": 13, "percent_covered": 0.0, "percent_covered_display": "0", "missing_lines": 13, "excluded_lines": 0, "percent_statem
[...]
], [813, 815], [830, 831], [830, 848], [840, 841], [840, 843], [850, 851], [850, 866], [861, 862], [861, 864], [881, 882], [881, 884], [888, 889], [888, 903], [897, 898], [897, 900], [920, 921], [920, 923], [935, 936], [935, 938]]}}}, "cli/telemetry_freshness.py": {"executed_lines": [], "summary": {"covered_lines": 0, "num_statements": 99, "percent_covered": 0.0, "percent_covered_display": "0", "missing_lines": 99, "excluded_lines": 0, "percent_statements_covered": 0.0, "percent_statements_covered_display": "0", "num_branches": 46, "num_partial_branches": 0, "covered_branches": 0, "missing_branches": 46, "percent_branches_covered": 0.0, "percent_branches_covered_display": "0"}, "missing_lines": [3, 5, 6, 7, 9, 20, 23, 24, 27, 28, 29, 30, 33, 34, 35, 36, 37, 38, 39, 40, 41, 42, 45, 46, 51, 53, 54, 55, 56, 57, 58, 62, 63, 64, 66, 67, 74, 75, 76, 77, 78, 79, 80, 81, 82, 83, 91, 92, 93, 94, 95, 96, 98, 99, 100, 103, 105, 106, 107, 113, 114, 120, 121, 127, 140, 141, 142, 143, 144, 145, 146, 147, 148, 149, 151, 152, 153, 154, 157, 158, 159, 160, 170, 171, 181, 182, 183, 184, 185, 197, 198, 207, 210, 211, 212, 213, 221, 222, 230], "excluded_lines": [], "executed_branches": [], "missing_branches": [[28, 29], [28, 30], [34, 35], [34, 36], [38, 39], [38, 40], [56, 57], [56, 58], [66, 67], [66, 74], [75, 76], [75, 91], [91, 92], [91, 93], [93, 94], [93, 95], [95, 96], [95, 98], [106, 107], [106, 113], [113, 114], [113, 120], [120, 121], [120, 127], [142, 143], [142, 144], [144, 145], [144, 146], [146, 147], [146, 148], [148, 149], [148, 151], [152, 153], [152, 154], [159, 160], [159, 170], [170, 171], [170, 181], [182, 183], [182, 197], [197, 198], [197, 207], [212, 213], [212, 221], [221, 222], [221, 230]], "functions": {"_now_ts": {"executed_lines": [], "summary": {"covered_lines": 0, "num_statements": 1, "percent_covered": 0.0, "percent_covered_display": "0", "missing_lines": 1, "excluded_lines": 0, "percent_statements_covered": 0.0, "percent_statements_covered_display": "0", "num_branches": 0, "num_partial_branches": 0, "covered_branches": 0, "missing_branches": 0, "percent_branches_covered": 100.0, "percent_branches_covered_display": "100"}, "missing_lines": [24], "excluded_lines": [], "start_line": 23, "executed_branches": [], "missing_branches": []}, "_iso_from_ts": {"executed_lines": [], "summary": {"covered_lines": 0, "num_statements": 3, "percent_covered": 0.0, "percent_covered_display": "0", "missing_lines": 3, "excluded_lines": 0, "percent_statements_covered": 0.0, "percent_statements_covered_display": "0", "num_branches": 2, "num_partial_branches": 0, "covered_branches": 0, "missing_branches": 2, "percent_branches_covered": 0.0, "percent_branches_covered_display": "0"}, "missing_lines": [28, 29, 30], "excluded_lines": [], "start_line": 27, "executed_branches": [], "missing_branches": [[28, 29], [28, 30]]}, "_parse_iso": {"executed_lines": [], "summary": {"covered_lines": 0, "num_statements": 9, "percent_covered": 0.0, "percent_covered_display": "0", "missing_lines": 9, "excluded_lines": 0, "percent_statements_covered": 0.0, "percent_statements_covered_display": "0", "num_branches": 4, "num_partial_branches": 0, "covered_branches": 0, "missing_branches": 4, "percent_branches_covered": 0.0, "percent_branches_covered_display": "0"}, "missing_lines": [34, 35, 36, 37, 38, 39, 40, 41, 42], "excluded_lines": [], "start_line": 33, "executed_branches": [], "missing_branches": [[34, 35], [34, 36], [38, 39], [38, 40]]}, "_table_exists": {"executed_lines": [], "summary": {"covered_lines": 0, "num_statements": 1, "percent_covered": 0.0, "percent_covered_display": "0", "missing_lines": 1, "excluded_lines": 0, "percent_statements_covered": 0.0, "percent_statements_covered_display": "0", "num_branches": 0, "num_partial_branches": 0, "covered_branches": 0, "missing_branches": 0, "percent_branches_covered": 100.0, "percent_branches_covered_display": "100"}, "missing_lines": [46], "excluded_lines": [], "start_line": 45, "executed_branches": [], "missing_branches": []}, "usage_freshness": {"executed_lines": [], "summary": {"covered_lines": 0, "num_statements": 30, "percent_covered": 0.0, "percent_covered_display": "0", "missing_lines": 30, "excluded_lines": 0, "percent_statements_covered": 0.0, "percent_statements_covered_display": "0", "num_branches": 12, "num_partial_branches": 0, "covered_branches": 0, "missing_branches": 12, "percent_branches_covered": 0.0, "percent_branches_covered_display": "0"}, "missing_lines": [53, 54, 55, 56, 57, 58, 62, 63, 64, 66, 67, 74, 75, 76, 77, 78, 79, 80, 81, 82, 83, 91, 92, 93, 94, 95, 96, 98, 99, 100], "excluded_lines": [], "start_line": 51, "executed_branches": [], "missing_branches": [[56, 57], [56, 58], [66, 67], [66, 74], [75, 76], [75, 91], [91, 92], [91, 93], [93, 94], [93, 95], [95, 96], [95, 98]]}, "plugin_freshness": {"executed_lines": [], "summary": {"covered_lines": 0, "num_statements": 8, "percent_covered": 0.0, "percent_covered_display": "0", "missing_lines": 8, "excluded_lines": 0, "percent_statements_covered": 0.0, "percent_statements_covered_display": "0", "num_branches": 6, "num_partial_branches": 0, "covered_branches": 0, "missing_branches": 6, "percent_branches_covered": 0.0, "percent_branches_covered_display": "0"}, "missing_lines": [105, 106, 107, 113, 114, 120, 121, 127], "excluded_lines": [], "start_line": 103, "executed_branches": [], "missing_branches": [[106, 107], [106, 113], [113, 114], [113, 120], [120, 121], [120, 127]]}, "freshness_notes": {"executed_lines": [], "summary": {"covered_lines": 0, "num_statements": 13, "percent_covered": 0.0, "percent_covered_display": "0", "missing_lines": 13, "excluded_lines": 0, "percent_statements_covered": 0.0, "percent_statements_covered_display": "0", "num_branches": 10, "num_partial_branches": 0, "covered_branches": 0, "missing_branches": 10, "percent_branches_covered": 0.0, "percent_branches_covered_display": "0"}, "missing_lines": [141, 142, 143, 144, 145, 146, 147, 148, 149, 151, 152, 153, 154], "excluded_lines": [], "start_line": 140, "executed_branches": [], "missing_branches": [[142, 143], [142, 144], [144, 145], [144, 146], [146, 147], [146, 148], [148, 149], [148, 151], [152, 153], [152, 154]]}, "usage_diagnostics": {"executed_lines": [], "summary": {"covered_lines": 0, "num_statements": 13, "percent_covered": 0.0, "percent_covered_display": "0", "missing_lines": 13, "excluded_lines": 0, "percent_statements_covered": 0.0, "percent_statements_covered_display": "0", "num_branches": 8, "num_partial_branches": 0, "covered_branches": 0, "missing_branches": 8, "percent_branches_covered": 0.0, "percent_branches_covered_display": "0"}, "missing_lines": [158, 159, 160, 170, 171, 181, 182, 183, 184, 185, 197, 198, 207], "excluded_lines": [], "start_line": 157, "executed_branches": [], "missing_branches": [[159, 160], [159, 170], [170, 171], [170, 181], [182, 183], [182, 197], [197, 198], [197, 207]]}, "plugin_diagnostic": {"executed_lines": [], "summary": {"covered_lines": 0, "num_statements": 6, "percent_covered": 0.0, "percent_covered_display": "0", "missing_lines": 6, "excluded_lines": 0, "percent_statements_covered": 0.0, "percent_statements_covered_display": "0", "num_branches": 4, "num_partial_branches": 0, "covered_branches": 0, "missing_branches": 4, "percent_branches_covered": 0.0, "percent_branches_covered_display": "0"}, "missing_lines": [211, 212, 213, 221, 222, 230], "excluded_lines": [], "start_line": 210, "executed_branches": [], "missing_branches": [[212, 213], [212, 221], [221, 222], [221, 230]]}, "": {"executed_lines": [], "summary": {"covered_lines": 0, "num_statements": 15, "percent_covered": 0.0, "percent_covered_display": "0", "missing_lines": 15, "excluded_lines": 0, "percent_statements_covered": 0.0, "percent_statements_covered_display": "0", "num_branches": 0, "num_partial_branches": 0, "covered_branches": 0, "missing_branches": 0, "percent_branches_covered": 100.0, "percent_branches_covered_display": "100"}, "missing_lines": [3, 5, 6, 7, 9, 20, 23, 27, 33, 45, 51, 103, 140, 157, 210], "excluded_lines": [], "start_line": 1, "executed_branches": [], "missing_branches": []}}, "classes": {"": {"executed_lines": [], "summary": {"covered_lines": 0, "num_statements": 99, "percent_covered": 0.0, "percent_covered_display": "0", "missing_lines": 99, "excluded_lines": 0, "percent_statements_covered": 0.0, "percent_statements_covered_display": "0", "num_branches": 46, "num_partial_branches": 0, "covered_branches": 0, "missing_branches": 46, "percent_branches_covered": 0.0, "percent_branches_covered_display": "0"}, "missing_lines": [3, 5, 6, 7, 9, 20, 23, 24, 27, 28, 29, 30, 33, 34, 35, 36, 37, 38, 39, 40, 41, 42, 45, 46, 51, 53, 54, 55, 56, 57, 58, 62, 63, 64, 66, 67, 74, 75, 76, 77, 78, 79, 80, 81, 82, 83, 91, 92, 93, 94, 95, 96, 98, 99, 100, 103, 105, 106, 107, 113, 114, 120, 121, 127, 140, 141, 142, 143, 144, 145, 146, 147, 148, 149, 151, 152, 153, 154, 157, 158, 159, 160, 170, 171, 181, 182, 183, 184, 185, 197, 198, 207, 210, 211, 212, 213, 221, 222, 230], "excluded_lines": [], "start_line": 1, "executed_branches": [], "missing_branches": [[28, 29], [28, 30], [34, 35], [34, 36], [38, 39], [38, 40], [56, 57], [56, 58], [66, 67], [66, 74], [75, 76], [75, 91], [91, 92], [91, 93], [93, 94], [93, 95], [95, 96], [95, 98], [106, 107], [106, 113], [113, 114], [113, 120], [120, 121], [120, 127], [142, 143], [142, 144], [144, 145], [144, 146], [146, 147], [146, 148], [148, 149], [148, 151], [152, 153], [152, 154], [159, 160], [159, 170], [170, 171], [170, 181], [182, 183], [182, 197], [197, 198], [197, 207], [212, 213], [212, 221], [221, 222], [221, 230]]}}}, "cli/usage_store.py": {"executed_lines": [28, 29, 30, 31, 33, 35, 36, 37, 38, 39, 42, 48, 61, 138, 178, 196, 237, 267, 414, 424, 428, 434, 438, 450, 454, 503, 526, 567], "summary": {"covered_lines": 28, "num_statements": 96, "percent_covered": 23.728813559322035, "percent_covered_display": "24", "missing_lines": 68, "excluded_lines": 0, "percent_statements_covered": 29.166666666666668, "percent_statements_covered_display": "29", "num_branches": 22, "num_partial_branches": 0, "covered_branches": 0, "missing_branches": 22, "percent_branches_covered": 0.0, "percent_branches_covered_display": "0"}, "missing_lines": [44, 45, 49, 425, 429, 430, 431, 435, 440, 443, 444, 445, 451, 472, 473, 475, 476, 477, 478, 479, 480, 481, 482, 483, 484, 485, 486, 487, 492, 493, 495, 496, 498, 500, 510, 511, 515, 516, 517, 518, 534, 535, 537, 538, 539, 540, 542, 543, 544, 545, 546, 552, 553, 554, 561, 562, 564, 573, 574, 575, 576, 577, 578, 579, 580, 584, 585, 586], "excluded_lines": [], "executed_branches": [], "missing_branches": [[443, 444], [443, 445], [480, 481], [480, 484], [484, 485], [484, 495], [495, 496], [495, 498], [515, 516], [515, 517], [534, 535], [534, 537], [545, 546], [545, 552], [574, 575], [574, 576], [576, 577], [576, 578], [578, 579], [578, 584], [584, 585], [584, 586]], "functions": {"default_store_path": {"executed_lines": [], "summary": {"covered_lines": 0, "num_statements": 2, "percent_covered": 0.0, "percent_covered_display": "0", "missing_lines": 2, "excluded_lines": 0, "percent_statements_covered": 0.0, "percent_statements_covered_display": "0", "num_branches": 0, "num_partial_branches": 0, "covered_branches": 0, "missing_branches": 0, "percent_branches_covered": 100.0, "percent_branches_covered_display": "100"}, "missing_lines": [44, 45], "excluded_lines": [], "start_line": 42, "executed_branches": [], "missing_branches": []}, "default_capabilities_path": {"executed_lines": [], "summary": {"covered_lines": 0, "num_statements": 1, "percent_covered": 0.0, "percent_covered_display": "0", "missing_lines": 1, "excluded_lines": 0, "percent_statements_covered": 0.0, "percent_statements_covered_display": "0", "num_branches": 0, "num_partial_branches": 0, "covered_branches": 0, "missing_branches": 0, "percent_branches_covered": 100.0, "percent_branches_covered_display": "100"}, "missing_lines": [49], "excluded_lines": [], "start_line": 48, "executed_branches": [], "missing_branches": []}, "_now": {"executed_lines": [], "summary": {"covered_lines": 0, "num_statements": 1, "percent_covered": 0.0, "percent_covered_display": "0", "missing_lines": 1, "excluded_lines": 0, "percent_statements_covered": 0.0, "percent_statements_covered_display": "0", "num_branches": 0, "num_partial_branches": 0, "covered_branches": 0, "missing_branches": 0, "percent_branches_covered": 100.0, "percent_branches_covered_display": "100"}, "missing_lines": [425], "excluded_lines": [], "start_line": 424, "executed_branches": [], "missing_branches": []}, "_connect": {"executed_lines": [], "summary": {"covered_lines": 0, "num_statements": 3, "percent_covered": 0.0, "percent_covered_display": "0", "missing_lines": 3, "excluded_lines": 0, "percent_statements_covered": 0.0, "percent_statements_covered_display": "0", "num_branches": 0, "num_partial_branches": 0, "covered_branches": 0, "missing_branches": 0, "percent_branches_covered": 100.0, "percent_branches_covered_display": "100"}, "missing_lines": [429, 430, 431], "excluded_lines": [], "start_line": 428, "executed_branches": [], "missing_branches": []}, "_user_version": {"executed_lines": [], "summary": {"covered_lines": 0, "num_statements": 1, "percent_covered": 0.0, "percent_covered_display": "0", "missing_lines": 1, "excluded_lines": 0, "percent_statements_covered": 0.0, "percent_statements_covered_display": "0", "num_branches": 0, "num_partial_branches": 0, "covered_branches": 0, "missing_branches": 0, "percent_branches_covered": 100.0, "percent_branches_covered_display": "100"}, "missing_lines": [435], "excluded_lines": [], "start_line": 434, "executed_branches": [], "missing_branches": []}, "_ledger_version": {"executed_lines": [], "summary": {"covered_lines": 0, "num_statements": 4, "percent_covered": 0.0, "percent_covered_display": "0", "missing_lines": 4, "excluded_lines": 0, "percent_statements_covered": 0.0, "percent_statements_covered_display": "0", "num_branches": 2, "num_partial_branches": 0, "covered_branches": 0, "missing_branches": 2, "percent_branches_covered": 0.0, "percent_branches_covered_display": "0"}, "missing_lines": [440, 443, 444, 445], "excluded_lines": [], "start_line": 438, "executed_branches": [], "missing_branches": [[443, 444], [443, 445]]}, "pending_migrations": {"executed_lines": [], "summary": {"covered_lines": 0, "num_statements": 1, "percent_covered": 0.0, "percent_covered_display": "0", "missing_lines": 1, "excluded_lines": 0, "percent_statements_covered": 0.0, "percent_statements_covered_display": "0", "num_branches": 0, "num_partial_branches": 0, "covered_branches": 0, "missing_branches": 0, "percent_branches_covered": 100.0, "percent_branches_covered_display": "100"}, "missing_lines": [451], "excluded_lines": [], "start_line": 450, "executed_branches": [], "missing_branches": []}, "ensure_store": {"executed_lines": [], "summary": {"covered_lines": 0, "num_statements": 21, "percent_covered": 0.0, "percent_covered_display": "0", "missing_lines": 21, "excluded_lines": 0, "percent_statements_covered": 0.0, "percent_statements_covered_display": "0", "num_branches": 6, "num_partial_branches": 0, "covered_branches": 0, "missing_branches": 6, "percent_branches_covered": 0.0, "percent_branches_covered_display": "0"}, "missing_lines": [472, 473, 475, 476, 477, 478, 479, 480, 481, 482, 483, 484, 485, 486, 487, 492, 493, 495, 496, 498, 500], "excluded_lines": [], "start_line": 454, "executed_branches": [], "missing_branches": [[480, 481], [480, 484], [484, 485], [484, 495], [495, 496], [495, 498]]}, "_seed_capabilities": {"executed_lines": [], "summary": {"covered_lines": 0, "num_statements": 6, "percent_covered": 0.0, "percent_covered_display": "0", "missing_lines": 6, "excluded_lines": 0, "percent_statements_covered": 0.0, "percent_statements_covered_display": "0", "num_branches": 2, "num_partial_branches": 0, "covered_branches": 0, "missing_branches": 2, "percent_branches_covered": 0.0, "percent_branches_covered_display": "0"}, "missing_lines": [510, 511, 515, 516, 517, 518], "excluded_lines": [], "start_line": 503, "executed_branches": [], "missing_branches": [[515, 516], [515, 517]]}, "store_status": {"executed_lines": [], "summary": {"covered_lines": 0, "num_statements": 17, "percent_covered": 0.0, "percent_covered_display": "0", "missing_lines": 17, "excluded_lines": 0, "percent_statements_covered": 0.0, "percent_statements_covered_display": "0", "num_branches": 4, "num_partial_branches": 0, "covered_branches": 0, "missing_branches": 4, "percent_branches_covered": 0.0, "percent_branches_covered_display": "0"}, "missing_lines": [534, 535, 537, 538, 539, 540, 542, 543, 544, 545, 546, 552, 553, 554, 561, 562, 564], "excluded_lines": [], "start_line": 526, "executed_branches": [], "missing_branches": [[534, 535], [534, 537], [545, 546], [545, 552]]}, "format_status": {"executed_lines": [], "summary": {"covered_lines": 0, "num_statements": 11, "percent_covered": 0.0, "percent_covered_display": "0", "missing_lines": 11, "excluded_lines": 0, "percent_statements_covered": 0.0, "percent_statements_covered_display": "0", "num_branches": 8, "num_partial_branches": 0, "covered_branches": 0, "missing_branches": 8, "percent_branches_covered": 0.0, "percent_branches_covered_display": "0"}, "missing_lines": [573, 574, 575, 576, 577, 578, 579, 580, 584, 585, 586], "excluded_lines": [], "start_line": 567, "executed_branches": [], "missing_branches": [[574, 575], [574, 576], [576, 577], [576, 578], [578, 579], [578, 584], [584, 585], [584, 586]]}, "": {"executed_lines": [28, 29, 30, 31, 33, 35, 36, 37, 38, 39, 42, 48, 61, 138, 178, 196, 237, 267, 414, 424, 428, 434, 438, 450, 454, 503, 526, 567], "summary": {"covered_lines": 28, "num_statements": 28, "percent_covered": 100.0, "percent_covered_display": "100", "missing_lines": 0, "excluded_lines": 0, "percent_statements_covered": 100.0, "percent_statements_covered_display": "100", "num_branches": 0, "num_partial_branches": 0, "covered_branches": 0, "missing_branches": 0, "percent_branches_covered": 100.0, "percent_branches_covered_display": "100"}, "missing_lines": [], "excluded_lines": [], "start_line": 1, "executed_branches": [], "missing_branches": []}}, "classes": {"": {"executed_lines": [28, 29, 30, 31, 33, 35, 36, 37, 38, 39, 42, 48, 61, 138, 178, 196, 237, 267, 414, 424, 428, 434, 438, 450, 454, 503, 526, 567], "summary": {"covered_lines": 28, "num_statements": 96, "percent_covered": 23.728813559322035, "percent_covered_display": "24", "missing_lines": 68, "excluded_lines": 0, "percent_statements_covered": 29.166666666666668, "percent_statements_covered_display": "29", "num_branches": 22, "num_partial_branches": 0, "covered_branches": 0, "missing_branches": 22, "percent_branches_covered": 0.0, "percent_branches_covered_display": "0"}, "missing_lines": [44, 45, 49, 425, 429, 430, 431, 435, 440, 443, 444, 445, 451, 472, 473, 475, 476, 477, 478, 479, 480, 481, 482, 483, 484, 485, 486, 487, 492, 493, 495, 496, 498, 500, 510, 511, 515, 516, 517, 518, 534, 535, 537, 538, 539, 540, 542, 543, 544, 545, 546, 552, 553, 554, 561, 562, 564, 573, 574, 575, 576, 577, 578, 579, 580, 584, 585, 586], "excluded_lines": [], "start_line": 1, "executed_branches": [], "missing_branches": [[443, 444], [443, 445], [480, 481], [480, 484], [484, 485], [484, 495], [495, 496], [495, 498], [515, 516], [515, 517], [534, 535], [534, 537], [545, 546], [545, 552], [574, 575], [574, 576], [576, 577], [576, 578], [578, 579], [578, 584], [584, 585], [584, 586]]}}}}, "totals": {"covered_lines": 341, "num_statements": 9006, "percent_covered": 3.50031605562579, "percent_covered_display": "4", "missing_lines": 8665, "excluded_lines": 0, "percent_statements_covered": 3.7863646457916946, "percent_statements_covered_display": "4", "num_branches": 3650, "num_partial_branches": 12, "covered_branches": 102, "missing_branches": 3548, "percent_branches_covered": 2.7945205479452055, "percent_branches_covered_display": "3"}}